{"/Users/nemesis/OpenSafe/src/api/middleware/auth.ts": {"path":"/Users/nemesis/OpenSafe/src/api/middleware/auth.ts","statementMap":{"0":{"start":{"line":2,"column":0},"end":{"line":2,"column":31}},"1":{"start":{"line":3,"column":0},"end":{"line":3,"column":38}},"2":{"start":{"line":5,"column":0},"end":{"line":5,"column":58}},"3":{"start":{"line":8,"column":15},"end":{"line":10,"column":2}},"4":{"start":{"line":9,"column":28},"end":{"line":9,"column":59}},"5":{"start":{"line":16,"column":4},"end":{"line":16,"column":19}},"6":{"start":{"line":17,"column":4},"end":{"line":17,"column":33}},"7":{"start":{"line":30,"column":2},"end":{"line":84,"column":3}},"8":{"start":{"line":31,"column":23},"end":{"line":31,"column":48}},"9":{"start":{"line":33,"column":4},"end":{"line":35,"column":5}},"10":{"start":{"line":34,"column":6},"end":{"line":34,"column":82}},"11":{"start":{"line":37,"column":28},"end":{"line":37,"column":49}},"12":{"start":{"line":39,"column":4},"end":{"line":41,"column":5}},"13":{"start":{"line":40,"column":6},"end":{"line":40,"column":96}},"14":{"start":{"line":44,"column":4},"end":{"line":57,"column":5}},"15":{"start":{"line":45,"column":8},"end":{"line":56,"column":9}},"16":{"start":{"line":46,"column":28},"end":{"line":46,"column":79}},"17":{"start":{"line":47,"column":12},"end":{"line":51,"column":14}},"18":{"start":{"line":52,"column":12},"end":{"line":52,"column":26}},"19":{"start":{"line":54,"column":12},"end":{"line":54,"column":90}},"20":{"start":{"line":60,"column":4},"end":{"line":73,"column":5}},"21":{"start":{"line":61,"column":21},"end":{"line":61,"column":60}},"22":{"start":{"line":62,"column":8},"end":{"line":72,"column":9}},"23":{"start":{"line":63,"column":12},"end":{"line":67,"column":14}},"24":{"start":{"line":68,"column":12},"end":{"line":68,"column":26}},"25":{"start":{"line":70,"column":12},"end":{"line":70,"column":66}},"26":{"start":{"line":71,"column":12},"end":{"line":71,"column":80}},"27":{"start":{"line":75,"column":4},"end":{"line":75,"column":79}},"28":{"start":{"line":78,"column":4},"end":{"line":83,"column":5}},"29":{"start":{"line":79,"column":8},"end":{"line":79,"column":20}},"30":{"start":{"line":81,"column":8},"end":{"line":81,"column":62}},"31":{"start":{"line":82,"column":8},"end":{"line":82,"column":79}},"32":{"start":{"line":29,"column":0},"end":{"line":29,"column":7}},"33":{"start":{"line":88,"column":2},"end":{"line":97,"column":4}},"34":{"start":{"line":89,"column":4},"end":{"line":91,"column":5}},"35":{"start":{"line":90,"column":6},"end":{"line":90,"column":64}},"36":{"start":{"line":92,"column":4},"end":{"line":95,"column":5}},"37":{"start":{"line":93,"column":6},"end":{"line":93,"column":147}},"38":{"start":{"line":94,"column":6},"end":{"line":94,"column":76}},"39":{"start":{"line":96,"column":4},"end":{"line":96,"column":11}},"40":{"start":{"line":87,"column":0},"end":{"line":87,"column":16}}},"fnMap":{"0":{"name":"(anonymous_1)","decl":{"start":{"line":9,"column":8},"end":{"line":9,"column":9}},"loc":{"start":{"line":9,"column":28},"end":{"line":9,"column":59}}},"1":{"name":"(anonymous_2)","decl":{"start":{"line":15,"column":2},"end":{"line":15,"column":14}},"loc":{"start":{"line":15,"column":49},"end":{"line":18,"column":3}}},"2":{"name":"authenticate","decl":{"start":{"line":29,"column":22},"end":{"line":29,"column":34}},"loc":{"start":{"line":29,"column":96},"end":{"line":85,"column":1}}},"3":{"name":"authorize","decl":{"start":{"line":87,"column":16},"end":{"line":87,"column":25}},"loc":{"start":{"line":87,"column":50},"end":{"line":98,"column":1}}},"4":{"name":"(anonymous_5)","decl":{"start":{"line":88,"column":9},"end":{"line":88,"column":10}},"loc":{"start":{"line":88,"column":75},"end":{"line":97,"column":3}}}},"branchMap":{"0":{"loc":{"start":{"line":33,"column":4},"end":{"line":35,"column":5}},"type":"if","locations":[{"start":{"line":33,"column":4},"end":{"line":35,"column":5}}]},"1":{"loc":{"start":{"line":39,"column":4},"end":{"line":41,"column":5}},"type":"if","locations":[{"start":{"line":39,"column":4},"end":{"line":41,"column":5}}]},"2":{"loc":{"start":{"line":39,"column":8},"end":{"line":39,"column":37}},"type":"binary-expr","locations":[{"start":{"line":39,"column":8},"end":{"line":39,"column":27}},{"start":{"line":39,"column":31},"end":{"line":39,"column":37}}]},"3":{"loc":{"start":{"line":44,"column":4},"end":{"line":57,"column":5}},"type":"if","locations":[{"start":{"line":44,"column":4},"end":{"line":57,"column":5}}]},"4":{"loc":{"start":{"line":60,"column":4},"end":{"line":73,"column":5}},"type":"if","locations":[{"start":{"line":60,"column":4},"end":{"line":73,"column":5}}]},"5":{"loc":{"start":{"line":62,"column":8},"end":{"line":72,"column":9}},"type":"if","locations":[{"start":{"line":62,"column":8},"end":{"line":72,"column":9}},{"start":{"line":69,"column":15},"end":{"line":72,"column":9}}]},"6":{"loc":{"start":{"line":78,"column":4},"end":{"line":83,"column":5}},"type":"if","locations":[{"start":{"line":78,"column":4},"end":{"line":83,"column":5}},{"start":{"line":80,"column":11},"end":{"line":83,"column":5}}]},"7":{"loc":{"start":{"line":89,"column":4},"end":{"line":91,"column":5}},"type":"if","locations":[{"start":{"line":89,"column":4},"end":{"line":91,"column":5}}]},"8":{"loc":{"start":{"line":92,"column":4},"end":{"line":95,"column":5}},"type":"if","locations":[{"start":{"line":92,"column":4},"end":{"line":95,"column":5}}]}},"s":{"0":0,"1":0,"2":0,"3":0,"4":0,"5":0,"6":0,"7":0,"8":0,"9":0,"10":0,"11":0,"12":0,"13":0,"14":0,"15":0,"16":0,"17":0,"18":0,"19":0,"20":0,"21":0,"22":0,"23":0,"24":0,"25":0,"26":0,"27":0,"28":0,"29":0,"30":0,"31":0,"32":0,"33":0,"34":0,"35":0,"36":0,"37":0,"38":0,"39":0,"40":0},"f":{"0":0,"1":0,"2":0,"3":0,"4":0},"b":{"0":[0],"1":[0],"2":[0,0],"3":[0],"4":[0],"5":[0,0],"6":[0,0],"7":[0],"8":[0]}}
,"/Users/nemesis/OpenSafe/src/api/middleware/logging.ts": {"path":"/Users/nemesis/OpenSafe/src/api/middleware/logging.ts","statementMap":{"0":{"start":{"line":2,"column":0},"end":{"line":2,"column":44}},"1":{"start":{"line":4,"column":0},"end":{"line":4,"column":60}},"2":{"start":{"line":5,"column":0},"end":{"line":5,"column":46}},"3":{"start":{"line":9,"column":16},"end":{"line":9,"column":26}},"4":{"start":{"line":10,"column":38},"end":{"line":10,"column":41}},"5":{"start":{"line":11,"column":20},"end":{"line":11,"column":47}},"6":{"start":{"line":12,"column":17},"end":{"line":12,"column":29}},"7":{"start":{"line":13,"column":20},"end":{"line":13,"column":35}},"8":{"start":{"line":15,"column":2},"end":{"line":54,"column":5}},"9":{"start":{"line":16,"column":21},"end":{"line":16,"column":39}},"10":{"start":{"line":17,"column":27},"end":{"line":17,"column":30}},"11":{"start":{"line":19,"column":23},"end":{"line":28,"column":6}},"12":{"start":{"line":30,"column":4},"end":{"line":34,"column":5}},"13":{"start":{"line":31,"column":8},"end":{"line":31,"column":62}},"14":{"start":{"line":33,"column":8},"end":{"line":33,"column":48}},"15":{"start":{"line":39,"column":28},"end":{"line":39,"column":71}},"16":{"start":{"line":41,"column":4},"end":{"line":53,"column":5}},"17":{"start":{"line":42,"column":6},"end":{"line":52,"column":93}},"18":{"start":{"line":52,"column":22},"end":{"line":52,"column":91}},"19":{"start":{"line":56,"column":2},"end":{"line":56,"column":9}},"20":{"start":{"line":8,"column":0},"end":{"line":8,"column":16}},"21":{"start":{"line":64,"column":23},"end":{"line":64,"column":69}},"22":{"start":{"line":65,"column":20},"end":{"line":65,"column":83}},"23":{"start":{"line":66,"column":26},"end":{"line":66,"column":77}},"24":{"start":{"line":68,"column":25},"end":{"line":78,"column":6}},"25":{"start":{"line":80,"column":4},"end":{"line":80,"column":59}},"26":{"start":{"line":83,"column":4},"end":{"line":83,"column":38}},"27":{"start":{"line":86,"column":4},"end":{"line":86,"column":14}},"28":{"start":{"line":63,"column":0},"end":{"line":63,"column":16}}},"fnMap":{"0":{"name":"requestLogging","decl":{"start":{"line":8,"column":16},"end":{"line":8,"column":30}},"loc":{"start":{"line":8,"column":91},"end":{"line":57,"column":1}}},"1":{"name":"(anonymous_1)","decl":{"start":{"line":15,"column":19},"end":{"line":15,"column":22}},"loc":{"start":{"line":15,"column":24},"end":{"line":54,"column":3}}},"2":{"name":"(anonymous_2)","decl":{"start":{"line":52,"column":15},"end":{"line":52,"column":18}},"loc":{"start":{"line":52,"column":22},"end":{"line":52,"column":91}}},"3":{"name":"detailedErrorLogging","decl":{"start":{"line":63,"column":16},"end":{"line":63,"column":36}},"loc":{"start":{"line":63,"column":120},"end":{"line":87,"column":1}}}},"branchMap":{"0":{"loc":{"start":{"line":11,"column":20},"end":{"line":11,"column":47}},"type":"binary-expr","locations":[{"start":{"line":11,"column":20},"end":{"line":11,"column":41}},{"start":{"line":11,"column":45},"end":{"line":11,"column":47}}]},"1":{"loc":{"start":{"line":30,"column":4},"end":{"line":34,"column":5}},"type":"if","locations":[{"start":{"line":30,"column":4},"end":{"line":34,"column":5}},{"start":{"line":32,"column":11},"end":{"line":34,"column":5}}]},"2":{"loc":{"start":{"line":41,"column":4},"end":{"line":53,"column":5}},"type":"if","locations":[{"start":{"line":41,"column":4},"end":{"line":53,"column":5}}]},"3":{"loc":{"start":{"line":41,"column":8},"end":{"line":41,"column":77}},"type":"binary-expr","locations":[{"start":{"line":41,"column":8},"end":{"line":41,"column":23}},{"start":{"line":41,"column":28},"end":{"line":41,"column":44}},{"start":{"line":41,"column":48},"end":{"line":41,"column":76}}]},"4":{"loc":{"start":{"line":47,"column":67},"end":{"line":47,"column":104}},"type":"cond-expr","locations":[{"start":{"line":47,"column":78},"end":{"line":47,"column":99}},{"start":{"line":47,"column":102},"end":{"line":47,"column":104}}]},"5":{"loc":{"start":{"line":50,"column":16},"end":{"line":50,"column":56}},"type":"cond-expr","locations":[{"start":{"line":50,"column":35},"end":{"line":50,"column":44}},{"start":{"line":50,"column":47},"end":{"line":50,"column":56}}]},"6":{"loc":{"start":{"line":51,"column":22},"end":{"line":51,"column":108}},"type":"cond-expr","locations":[{"start":{"line":51,"column":42},"end":{"line":51,"column":95}},{"start":{"line":51,"column":99},"end":{"line":51,"column":108}}]},"7":{"loc":{"start":{"line":51,"column":42},"end":{"line":51,"column":95}},"type":"binary-expr","locations":[{"start":{"line":51,"column":42},"end":{"line":51,"column":65}},{"start":{"line":51,"column":69},"end":{"line":51,"column":95}}]},"8":{"loc":{"start":{"line":64,"column":23},"end":{"line":64,"column":69}},"type":"cond-expr","locations":[{"start":{"line":64,"column":49},"end":{"line":64,"column":63}},{"start":{"line":64,"column":66},"end":{"line":64,"column":69}}]},"9":{"loc":{"start":{"line":65,"column":20},"end":{"line":65,"column":83}},"type":"cond-expr","locations":[{"start":{"line":65,"column":46},"end":{"line":65,"column":57}},{"start":{"line":65,"column":60},"end":{"line":65,"column":83}}]},"10":{"loc":{"start":{"line":66,"column":26},"end":{"line":66,"column":77}},"type":"cond-expr","locations":[{"start":{"line":66,"column":52},"end":{"line":66,"column":69}},{"start":{"line":66,"column":72},"end":{"line":66,"column":77}}]},"11":{"loc":{"start":{"line":73,"column":15},"end":{"line":73,"column":77}},"type":"cond-expr","locations":[{"start":{"line":73,"column":56},"end":{"line":73,"column":65}},{"start":{"line":73,"column":68},"end":{"line":73,"column":77}}]}},"s":{"0":0,"1":0,"2":0,"3":0,"4":0,"5":0,"6":0,"7":0,"8":0,"9":0,"10":0,"11":0,"12":0,"13":0,"14":0,"15":0,"16":0,"17":0,"18":0,"19":0,"20":0,"21":0,"22":0,"23":0,"24":0,"25":0,"26":0,"27":0,"28":0},"f":{"0":0,"1":0,"2":0,"3":0},"b":{"0":[0,0],"1":[0,0],"2":[0],"3":[0,0,0],"4":[0,0],"5":[0,0],"6":[0,0],"7":[0,0],"8":[0,0],"9":[0,0],"10":[0,0],"11":[0,0]}}
,"/Users/nemesis/OpenSafe/src/api/middleware/rateLimit.ts": {"path":"/Users/nemesis/OpenSafe/src/api/middleware/rateLimit.ts","statementMap":{"0":{"start":{"line":17,"column":34},"end":{"line":17,"column":36}},"1":{"start":{"line":21,"column":4},"end":{"line":21,"column":25}},"2":{"start":{"line":23,"column":4},"end":{"line":23,"column":45}},"3":{"start":{"line":23,"column":22},"end":{"line":23,"column":36}},"4":{"start":{"line":27,"column":16},"end":{"line":27,"column":26}},"5":{"start":{"line":28,"column":4},"end":{"line":32,"column":5}},"6":{"start":{"line":29,"column":6},"end":{"line":31,"column":7}},"7":{"start":{"line":30,"column":8},"end":{"line":30,"column":31}},"8":{"start":{"line":36,"column":4},"end":{"line":36,"column":63}},"9":{"start":{"line":39,"column":15},"end":{"line":75,"column":3}},"10":{"start":{"line":40,"column":16},"end":{"line":40,"column":32}},"11":{"start":{"line":41,"column":16},"end":{"line":41,"column":26}},"12":{"start":{"line":42,"column":18},"end":{"line":42,"column":33}},"13":{"start":{"line":44,"column":4},"end":{"line":54,"column":5}},"14":{"start":{"line":46,"column":6},"end":{"line":49,"column":8}},"15":{"start":{"line":50,"column":6},"end":{"line":50,"column":58}},"16":{"start":{"line":51,"column":6},"end":{"line":51,"column":66}},"17":{"start":{"line":52,"column":6},"end":{"line":52,"column":79}},"18":{"start":{"line":53,"column":6},"end":{"line":53,"column":20}},"19":{"start":{"line":56,"column":4},"end":{"line":66,"column":5}},"20":{"start":{"line":57,"column":6},"end":{"line":57,"column":58}},"21":{"start":{"line":58,"column":6},"end":{"line":58,"column":48}},"22":{"start":{"line":59,"column":6},"end":{"line":59,"column":69}},"23":{"start":{"line":60,"column":6},"end":{"line":60,"column":78}},"24":{"start":{"line":62,"column":6},"end":{"line":65,"column":9}},"25":{"start":{"line":69,"column":4},"end":{"line":69,"column":18}},"26":{"start":{"line":70,"column":4},"end":{"line":70,"column":56}},"27":{"start":{"line":71,"column":4},"end":{"line":71,"column":74}},"28":{"start":{"line":72,"column":4},"end":{"line":72,"column":67}},"29":{"start":{"line":74,"column":4},"end":{"line":74,"column":11}},"30":{"start":{"line":79,"column":13},"end":{"line":83,"column":3}},"31":{"start":{"line":85,"column":13},"end":{"line":89,"column":3}},"32":{"start":{"line":91,"column":33},"end":{"line":91,"column":85}},"33":{"start":{"line":91,"column":62},"end":{"line":91,"column":85}},"34":{"start":{"line":91,"column":13},"end":{"line":91,"column":33}}},"fnMap":{"0":{"name":"(anonymous_0)","decl":{"start":{"line":20,"column":2},"end":{"line":20,"column":14}},"loc":{"start":{"line":20,"column":37},"end":{"line":24,"column":3}}},"1":{"name":"(anonymous_1)","decl":{"start":{"line":23,"column":16},"end":{"line":23,"column":19}},"loc":{"start":{"line":23,"column":22},"end":{"line":23,"column":36}}},"2":{"name":"(anonymous_2)","decl":{"start":{"line":26,"column":10},"end":{"line":26,"column":17}},"loc":{"start":{"line":26,"column":17},"end":{"line":33,"column":3}}},"3":{"name":"(anonymous_3)","decl":{"start":{"line":35,"column":10},"end":{"line":35,"column":16}},"loc":{"start":{"line":35,"column":29},"end":{"line":37,"column":3}}},"4":{"name":"(anonymous_4)","decl":{"start":{"line":39,"column":15},"end":{"line":39,"column":16}},"loc":{"start":{"line":39,"column":67},"end":{"line":75,"column":3}}},"5":{"name":"(anonymous_5)","decl":{"start":{"line":91,"column":33},"end":{"line":91,"column":34}},"loc":{"start":{"line":91,"column":62},"end":{"line":91,"column":85}}}},"branchMap":{"0":{"loc":{"start":{"line":29,"column":6},"end":{"line":31,"column":7}},"type":"if","locations":[{"start":{"line":29,"column":6},"end":{"line":31,"column":7}}]},"1":{"loc":{"start":{"line":36,"column":11},"end":{"line":36,"column":62}},"type":"binary-expr","locations":[{"start":{"line":36,"column":11},"end":{"line":36,"column":17}},{"start":{"line":36,"column":21},"end":{"line":36,"column":49}},{"start":{"line":36,"column":53},"end":{"line":36,"column":62}}]},"2":{"loc":{"start":{"line":44,"column":4},"end":{"line":54,"column":5}},"type":"if","locations":[{"start":{"line":44,"column":4},"end":{"line":54,"column":5}}]},"3":{"loc":{"start":{"line":44,"column":8},"end":{"line":44,"column":39}},"type":"binary-expr","locations":[{"start":{"line":44,"column":8},"end":{"line":44,"column":14}},{"start":{"line":44,"column":18},"end":{"line":44,"column":39}}]},"4":{"loc":{"start":{"line":56,"column":4},"end":{"line":66,"column":5}},"type":"if","locations":[{"start":{"line":56,"column":4},"end":{"line":66,"column":5}}]},"5":{"loc":{"start":{"line":63,"column":15},"end":{"line":63,"column":57}},"type":"binary-expr","locations":[{"start":{"line":63,"column":15},"end":{"line":63,"column":34}},{"start":{"line":63,"column":38},"end":{"line":63,"column":57}}]}},"s":{"0":0,"1":0,"2":0,"3":0,"4":0,"5":0,"6":0,"7":0,"8":0,"9":0,"10":0,"11":0,"12":0,"13":0,"14":0,"15":0,"16":0,"17":0,"18":0,"19":0,"20":0,"21":0,"22":0,"23":0,"24":0,"25":0,"26":0,"27":0,"28":0,"29":0,"30":0,"31":0,"32":0,"33":0,"34":0},"f":{"0":0,"1":0,"2":0,"3":0,"4":0,"5":0},"b":{"0":[0],"1":[0,0,0],"2":[0],"3":[0,0],"4":[0],"5":[0,0]}}
,"/Users/nemesis/OpenSafe/src/api/routes/audit.ts": {"path":"/Users/nemesis/OpenSafe/src/api/routes/audit.ts","statementMap":{"0":{"start":{"line":1,"column":0},"end":{"line":1,"column":66}},"1":{"start":{"line":2,"column":0},"end":{"line":2,"column":60}},"2":{"start":{"line":3,"column":0},"end":{"line":3,"column":83}},"3":{"start":{"line":4,"column":0},"end":{"line":4,"column":46}},"4":{"start":{"line":6,"column":15},"end":{"line":6,"column":23}},"5":{"start":{"line":8,"column":0},"end":{"line":8,"column":75}},"6":{"start":{"line":11,"column":21},"end":{"line":14,"column":3}},"7":{"start":{"line":12,"column":2},"end":{"line":14,"column":3}},"8":{"start":{"line":13,"column":4},"end":{"line":13,"column":52}},"9":{"start":{"line":16,"column":0},"end":{"line":32,"column":2}},"10":{"start":{"line":19,"column":20},"end":{"line":27,"column":6}},"11":{"start":{"line":29,"column":19},"end":{"line":29,"column":59}},"12":{"start":{"line":30,"column":4},"end":{"line":30,"column":21}},"13":{"start":{"line":34,"column":0},"end":{"line":34,"column":22}}},"fnMap":{"0":{"name":"(anonymous_0)","decl":{"start":{"line":11,"column":21},"end":{"line":11,"column":22}},"loc":{"start":{"line":12,"column":2},"end":{"line":14,"column":3}}},"1":{"name":"(anonymous_1)","decl":{"start":{"line":12,"column":2},"end":{"line":12,"column":3}},"loc":{"start":{"line":12,"column":54},"end":{"line":14,"column":3}}},"2":{"name":"(anonymous_2)","decl":{"start":{"line":18,"column":15},"end":{"line":18,"column":20}},"loc":{"start":{"line":18,"column":66},"end":{"line":31,"column":3}}}},"branchMap":{"0":{"loc":{"start":{"line":25,"column":12},"end":{"line":25,"column":51}},"type":"binary-expr","locations":[{"start":{"line":25,"column":12},"end":{"line":25,"column":46}},{"start":{"line":25,"column":50},"end":{"line":25,"column":51}}]},"1":{"loc":{"start":{"line":26,"column":13},"end":{"line":26,"column":54}},"type":"binary-expr","locations":[{"start":{"line":26,"column":13},"end":{"line":26,"column":48}},{"start":{"line":26,"column":52},"end":{"line":26,"column":54}}]}},"s":{"0":0,"1":0,"2":0,"3":0,"4":0,"5":0,"6":0,"7":0,"8":0,"9":0,"10":0,"11":0,"12":0,"13":0},"f":{"0":0,"1":0,"2":0},"b":{"0":[0,0],"1":[0,0]}}
,"/Users/nemesis/OpenSafe/src/api/routes/chat.ts": {"path":"/Users/nemesis/OpenSafe/src/api/routes/chat.ts","statementMap":{"0":{"start":{"line":1,"column":0},"end":{"line":1,"column":66}},"1":{"start":{"line":2,"column":0},"end":{"line":2,"column":62}},"2":{"start":{"line":3,"column":0},"end":{"line":3,"column":72}},"3":{"start":{"line":4,"column":0},"end":{"line":4,"column":57}},"4":{"start":{"line":5,"column":0},"end":{"line":5,"column":59}},"5":{"start":{"line":7,"column":15},"end":{"line":7,"column":23}},"6":{"start":{"line":99,"column":19},"end":{"line":99,"column":29}},"7":{"start":{"line":10,"column":21},"end":{"line":13,"column":3}},"8":{"start":{"line":11,"column":2},"end":{"line":13,"column":3}},"9":{"start":{"line":12,"column":4},"end":{"line":12,"column":52}},"10":{"start":{"line":16,"column":24},"end":{"line":19,"column":1}},"11":{"start":{"line":18,"column":2},"end":{"line":18,"column":9}},"12":{"start":{"line":21,"column":0},"end":{"line":42,"column":2}},"13":{"start":{"line":26,"column":4},"end":{"line":40,"column":5}},"14":{"start":{"line":27,"column":25},"end":{"line":29,"column":null}},"15":{"start":{"line":32,"column":6},"end":{"line":32,"column":31}},"16":{"start":{"line":34,"column":18},"end":{"line":34,"column":68}},"17":{"start":{"line":35,"column":6},"end":{"line":39,"column":7}},"18":{"start":{"line":36,"column":8},"end":{"line":36,"column":64}},"19":{"start":{"line":38,"column":8},"end":{"line":38,"column":65}},"20":{"start":{"line":44,"column":0},"end":{"line":97,"column":2}},"21":{"start":{"line":49,"column":4},"end":{"line":95,"column":5}},"22":{"start":{"line":51,"column":6},"end":{"line":51,"column":57}},"23":{"start":{"line":52,"column":6},"end":{"line":52,"column":49}},"24":{"start":{"line":53,"column":6},"end":{"line":53,"column":48}},"25":{"start":{"line":55,"column":6},"end":{"line":85,"column":8}},"26":{"start":{"line":58,"column":29},"end":{"line":64,"column":12}},"27":{"start":{"line":65,"column":10},"end":{"line":65,"column":63}},"28":{"start":{"line":68,"column":10},"end":{"line":68,"column":106}},"29":{"start":{"line":69,"column":10},"end":{"line":69,"column":20}},"30":{"start":{"line":72,"column":22},"end":{"line":72,"column":72}},"31":{"start":{"line":73,"column":10},"end":{"line":82,"column":11}},"32":{"start":{"line":74,"column":12},"end":{"line":78,"column":13}},"33":{"start":{"line":75,"column":14},"end":{"line":75,"column":70}},"34":{"start":{"line":77,"column":14},"end":{"line":77,"column":66}},"35":{"start":{"line":80,"column":12},"end":{"line":80,"column":103}},"36":{"start":{"line":81,"column":12},"end":{"line":81,"column":22}},"37":{"start":{"line":87,"column":18},"end":{"line":87,"column":68}},"38":{"start":{"line":88,"column":6},"end":{"line":94,"column":7}},"39":{"start":{"line":89,"column":8},"end":{"line":93,"column":9}},"40":{"start":{"line":90,"column":10},"end":{"line":90,"column":66}},"41":{"start":{"line":92,"column":10},"end":{"line":92,"column":67}}},"fnMap":{"0":{"name":"(anonymous_0)","decl":{"start":{"line":10,"column":21},"end":{"line":10,"column":22}},"loc":{"start":{"line":11,"column":2},"end":{"line":13,"column":3}}},"1":{"name":"(anonymous_1)","decl":{"start":{"line":11,"column":2},"end":{"line":11,"column":3}},"loc":{"start":{"line":11,"column":54},"end":{"line":13,"column":3}}},"2":{"name":"(anonymous_2)","decl":{"start":{"line":16,"column":24},"end":{"line":16,"column":25}},"loc":{"start":{"line":16,"column":78},"end":{"line":19,"column":1}}},"3":{"name":"(anonymous_3)","decl":{"start":{"line":25,"column":15},"end":{"line":25,"column":20}},"loc":{"start":{"line":25,"column":66},"end":{"line":41,"column":3}}},"4":{"name":"(anonymous_4)","decl":{"start":{"line":48,"column":15},"end":{"line":48,"column":20}},"loc":{"start":{"line":48,"column":66},"end":{"line":96,"column":3}}},"5":{"name":"(anonymous_5)","decl":{"start":{"line":57,"column":8},"end":{"line":57,"column":9}},"loc":{"start":{"line":57,"column":84},"end":{"line":66,"column":9}}},"6":{"name":"(anonymous_6)","decl":{"start":{"line":67,"column":8},"end":{"line":67,"column":9}},"loc":{"start":{"line":67,"column":60},"end":{"line":70,"column":9}}},"7":{"name":"(anonymous_7)","decl":{"start":{"line":71,"column":8},"end":{"line":71,"column":9}},"loc":{"start":{"line":71,"column":27},"end":{"line":83,"column":9}}}},"branchMap":{"0":{"loc":{"start":{"line":35,"column":6},"end":{"line":39,"column":7}},"type":"if","locations":[{"start":{"line":35,"column":6},"end":{"line":39,"column":7}},{"start":{"line":37,"column":13},"end":{"line":39,"column":7}}]},"1":{"loc":{"start":{"line":62,"column":35},"end":{"line":62,"column":58}},"type":"binary-expr","locations":[{"start":{"line":62,"column":35},"end":{"line":62,"column":53}},{"start":{"line":62,"column":57},"end":{"line":62,"column":58}}]},"2":{"loc":{"start":{"line":73,"column":10},"end":{"line":82,"column":11}},"type":"if","locations":[{"start":{"line":73,"column":10},"end":{"line":82,"column":11}},{"start":{"line":79,"column":17},"end":{"line":82,"column":11}}]},"3":{"loc":{"start":{"line":74,"column":12},"end":{"line":78,"column":13}},"type":"if","locations":[{"start":{"line":74,"column":12},"end":{"line":78,"column":13}},{"start":{"line":76,"column":19},"end":{"line":78,"column":13}}]},"4":{"loc":{"start":{"line":88,"column":6},"end":{"line":94,"column":7}},"type":"if","locations":[{"start":{"line":88,"column":6},"end":{"line":94,"column":7}}]},"5":{"loc":{"start":{"line":89,"column":8},"end":{"line":93,"column":9}},"type":"if","locations":[{"start":{"line":89,"column":8},"end":{"line":93,"column":9}},{"start":{"line":91,"column":15},"end":{"line":93,"column":9}}]}},"s":{"0":0,"1":0,"2":0,"3":0,"4":0,"5":0,"6":0,"7":0,"8":0,"9":0,"10":0,"11":0,"12":0,"13":0,"14":0,"15":0,"16":0,"17":0,"18":0,"19":0,"20":0,"21":0,"22":0,"23":0,"24":0,"25":0,"26":0,"27":0,"28":0,"29":0,"30":0,"31":0,"32":0,"33":0,"34":0,"35":0,"36":0,"37":0,"38":0,"39":0,"40":0,"41":0},"f":{"0":0,"1":0,"2":0,"3":0,"4":0,"5":0,"6":0,"7":0},"b":{"0":[0,0],"1":[0,0],"2":[0,0],"3":[0,0],"4":[0],"5":[0,0]}}
,"/Users/nemesis/OpenSafe/src/api/routes/index.ts": {"path":"/Users/nemesis/OpenSafe/src/api/routes/index.ts","statementMap":{"0":{"start":{"line":2,"column":0},"end":{"line":2,"column":36}},"1":{"start":{"line":3,"column":0},"end":{"line":3,"column":36}},"2":{"start":{"line":4,"column":0},"end":{"line":4,"column":40}},"3":{"start":{"line":5,"column":0},"end":{"line":5,"column":33}},"4":{"start":{"line":6,"column":0},"end":{"line":6,"column":34}},"5":{"start":{"line":10,"column":2},"end":{"line":10,"column":38}},"6":{"start":{"line":11,"column":2},"end":{"line":11,"column":42}},"7":{"start":{"line":12,"column":2},"end":{"line":12,"column":46}},"8":{"start":{"line":13,"column":2},"end":{"line":13,"column":39}},"9":{"start":{"line":14,"column":2},"end":{"line":14,"column":40}},"10":{"start":{"line":17,"column":2},"end":{"line":24,"column":5}},"11":{"start":{"line":18,"column":4},"end":{"line":23,"column":7}},"12":{"start":{"line":8,"column":0},"end":{"line":8,"column":16}}},"fnMap":{"0":{"name":"setupRoutes","decl":{"start":{"line":8,"column":16},"end":{"line":8,"column":27}},"loc":{"start":{"line":8,"column":44},"end":{"line":25,"column":1}}},"1":{"name":"(anonymous_2)","decl":{"start":{"line":17,"column":21},"end":{"line":17,"column":22}},"loc":{"start":{"line":17,"column":54},"end":{"line":24,"column":3}}}},"branchMap":{"0":{"loc":{"start":{"line":20,"column":15},"end":{"line":20,"column":57}},"type":"binary-expr","locations":[{"start":{"line":20,"column":15},"end":{"line":20,"column":46}},{"start":{"line":20,"column":50},"end":{"line":20,"column":57}}]}},"s":{"0":0,"1":0,"2":0,"3":0,"4":0,"5":0,"6":0,"7":0,"8":0,"9":0,"10":0,"11":0,"12":0},"f":{"0":0,"1":0},"b":{"0":[0,0]}}
,"/Users/nemesis/OpenSafe/src/api/routes/policies.ts": {"path":"/Users/nemesis/OpenSafe/src/api/routes/policies.ts","statementMap":{"0":{"start":{"line":1,"column":0},"end":{"line":1,"column":66}},"1":{"start":{"line":2,"column":0},"end":{"line":2,"column":72}},"2":{"start":{"line":3,"column":0},"end":{"line":3,"column":65}},"3":{"start":{"line":5,"column":15},"end":{"line":5,"column":23}},"4":{"start":{"line":8,"column":21},"end":{"line":11,"column":3}},"5":{"start":{"line":9,"column":2},"end":{"line":11,"column":3}},"6":{"start":{"line":10,"column":4},"end":{"line":10,"column":52}},"7":{"start":{"line":14,"column":21},"end":{"line":18,"column":2}},"8":{"start":{"line":16,"column":4},"end":{"line":16,"column":33}},"9":{"start":{"line":20,"column":0},"end":{"line":33,"column":2}},"10":{"start":{"line":24,"column":19},"end":{"line":30,"column":6}},"11":{"start":{"line":31,"column":4},"end":{"line":31,"column":37}},"12":{"start":{"line":35,"column":0},"end":{"line":72,"column":2}},"13":{"start":{"line":38,"column":45},"end":{"line":38,"column":54}},"14":{"start":{"line":41,"column":26},"end":{"line":50,"column":6}},"15":{"start":{"line":53,"column":4},"end":{"line":62,"column":5}},"16":{"start":{"line":54,"column":6},"end":{"line":57,"column":7}},"17":{"start":{"line":55,"column":8},"end":{"line":55,"column":50}},"18":{"start":{"line":56,"column":8},"end":{"line":56,"column":40}},"19":{"start":{"line":58,"column":6},"end":{"line":61,"column":7}},"20":{"start":{"line":59,"column":8},"end":{"line":59,"column":65}},"21":{"start":{"line":60,"column":8},"end":{"line":60,"column":51}},"22":{"start":{"line":64,"column":4},"end":{"line":68,"column":7}},"23":{"start":{"line":70,"column":4},"end":{"line":70,"column":32}},"24":{"start":{"line":74,"column":0},"end":{"line":74,"column":22}}},"fnMap":{"0":{"name":"(anonymous_0)","decl":{"start":{"line":8,"column":21},"end":{"line":8,"column":22}},"loc":{"start":{"line":9,"column":2},"end":{"line":11,"column":3}}},"1":{"name":"(anonymous_1)","decl":{"start":{"line":9,"column":2},"end":{"line":9,"column":3}},"loc":{"start":{"line":9,"column":54},"end":{"line":11,"column":3}}},"2":{"name":"(anonymous_2)","decl":{"start":{"line":15,"column":13},"end":{"line":15,"column":18}},"loc":{"start":{"line":15,"column":53},"end":{"line":17,"column":3}}},"3":{"name":"(anonymous_3)","decl":{"start":{"line":22,"column":15},"end":{"line":22,"column":20}},"loc":{"start":{"line":22,"column":66},"end":{"line":32,"column":3}}},"4":{"name":"(anonymous_4)","decl":{"start":{"line":37,"column":15},"end":{"line":37,"column":20}},"loc":{"start":{"line":37,"column":66},"end":{"line":71,"column":3}}}},"branchMap":{"0":{"loc":{"start":{"line":26,"column":12},"end":{"line":26,"column":45}},"type":"binary-expr","locations":[{"start":{"line":26,"column":12},"end":{"line":26,"column":25}},{"start":{"line":26,"column":29},"end":{"line":26,"column":45}}]},"1":{"loc":{"start":{"line":27,"column":13},"end":{"line":27,"column":33}},"type":"binary-expr","locations":[{"start":{"line":27,"column":13},"end":{"line":27,"column":27}},{"start":{"line":27,"column":31},"end":{"line":27,"column":33}}]},"2":{"loc":{"start":{"line":42,"column":46},"end":{"line":42,"column":78}},"type":"binary-expr","locations":[{"start":{"line":42,"column":46},"end":{"line":42,"column":65}},{"start":{"line":42,"column":69},"end":{"line":42,"column":78}}]},"3":{"loc":{"start":{"line":49,"column":21},"end":{"line":49,"column":74}},"type":"binary-expr","locations":[{"start":{"line":49,"column":21},"end":{"line":49,"column":40}},{"start":{"line":49,"column":44},"end":{"line":49,"column":74}}]},"4":{"loc":{"start":{"line":53,"column":4},"end":{"line":62,"column":5}},"type":"if","locations":[{"start":{"line":53,"column":4},"end":{"line":62,"column":5}}]},"5":{"loc":{"start":{"line":53,"column":8},"end":{"line":53,"column":46}},"type":"binary-expr","locations":[{"start":{"line":53,"column":8},"end":{"line":53,"column":15}},{"start":{"line":53,"column":19},"end":{"line":53,"column":46}}]},"6":{"loc":{"start":{"line":54,"column":6},"end":{"line":57,"column":7}},"type":"if","locations":[{"start":{"line":54,"column":6},"end":{"line":57,"column":7}}]},"7":{"loc":{"start":{"line":58,"column":6},"end":{"line":61,"column":7}},"type":"if","locations":[{"start":{"line":58,"column":6},"end":{"line":61,"column":7}}]}},"s":{"0":0,"1":0,"2":0,"3":0,"4":0,"5":0,"6":0,"7":0,"8":0,"9":0,"10":0,"11":0,"12":0,"13":0,"14":0,"15":0,"16":0,"17":0,"18":0,"19":0,"20":0,"21":0,"22":0,"23":0,"24":0},"f":{"0":0,"1":0,"2":0,"3":0,"4":0},"b":{"0":[0,0],"1":[0,0],"2":[0,0],"3":[0,0],"4":[0],"5":[0,0],"6":[0],"7":[0]}}
,"/Users/nemesis/OpenSafe/src/api/routes/research.ts": {"path":"/Users/nemesis/OpenSafe/src/api/routes/research.ts","statementMap":{"0":{"start":{"line":1,"column":0},"end":{"line":1,"column":66}},"1":{"start":{"line":2,"column":0},"end":{"line":2,"column":72}},"2":{"start":{"line":4,"column":15},"end":{"line":4,"column":23}},"3":{"start":{"line":7,"column":21},"end":{"line":10,"column":3}},"4":{"start":{"line":8,"column":2},"end":{"line":10,"column":3}},"5":{"start":{"line":9,"column":4},"end":{"line":9,"column":52}},"6":{"start":{"line":13,"column":24},"end":{"line":38,"column":2}},"7":{"start":{"line":14,"column":42},"end":{"line":20,"column":4}},"8":{"start":{"line":21,"column":40},"end":{"line":26,"column":4}},"9":{"start":{"line":27,"column":44},"end":{"line":32,"column":4}},"10":{"start":{"line":33,"column":40},"end":{"line":37,"column":4}},"11":{"start":{"line":40,"column":0},"end":{"line":49,"column":2}},"12":{"start":{"line":43,"column":23},"end":{"line":46,"column":6}},"13":{"start":{"line":47,"column":4},"end":{"line":47,"column":41}},"14":{"start":{"line":51,"column":0},"end":{"line":57,"column":2}},"15":{"start":{"line":54,"column":23},"end":{"line":54,"column":73}},"16":{"start":{"line":55,"column":4},"end":{"line":55,"column":29}},"17":{"start":{"line":59,"column":0},"end":{"line":71,"column":2}},"18":{"start":{"line":62,"column":20},"end":{"line":67,"column":6}},"19":{"start":{"line":68,"column":19},"end":{"line":68,"column":65}},"20":{"start":{"line":69,"column":4},"end":{"line":69,"column":21}},"21":{"start":{"line":73,"column":0},"end":{"line":79,"column":2}},"22":{"start":{"line":76,"column":19},"end":{"line":76,"column":69}},"23":{"start":{"line":77,"column":4},"end":{"line":77,"column":21}},"24":{"start":{"line":81,"column":0},"end":{"line":91,"column":2}},"25":{"start":{"line":85,"column":4},"end":{"line":89,"column":7}},"26":{"start":{"line":93,"column":0},"end":{"line":93,"column":22}}},"fnMap":{"0":{"name":"(anonymous_0)","decl":{"start":{"line":7,"column":21},"end":{"line":7,"column":22}},"loc":{"start":{"line":8,"column":2},"end":{"line":10,"column":3}}},"1":{"name":"(anonymous_1)","decl":{"start":{"line":8,"column":2},"end":{"line":8,"column":3}},"loc":{"start":{"line":8,"column":54},"end":{"line":10,"column":3}}},"2":{"name":"(anonymous_2)","decl":{"start":{"line":14,"column":20},"end":{"line":14,"column":25}},"loc":{"start":{"line":14,"column":42},"end":{"line":20,"column":4}}},"3":{"name":"(anonymous_3)","decl":{"start":{"line":21,"column":17},"end":{"line":21,"column":22}},"loc":{"start":{"line":21,"column":40},"end":{"line":26,"column":4}}},"4":{"name":"(anonymous_4)","decl":{"start":{"line":27,"column":19},"end":{"line":27,"column":24}},"loc":{"start":{"line":27,"column":44},"end":{"line":32,"column":4}}},"5":{"name":"(anonymous_5)","decl":{"start":{"line":33,"column":17},"end":{"line":33,"column":22}},"loc":{"start":{"line":33,"column":40},"end":{"line":37,"column":4}}},"6":{"name":"(anonymous_6)","decl":{"start":{"line":42,"column":15},"end":{"line":42,"column":20}},"loc":{"start":{"line":42,"column":66},"end":{"line":48,"column":3}}},"7":{"name":"(anonymous_7)","decl":{"start":{"line":53,"column":15},"end":{"line":53,"column":20}},"loc":{"start":{"line":53,"column":66},"end":{"line":56,"column":3}}},"8":{"name":"(anonymous_8)","decl":{"start":{"line":61,"column":15},"end":{"line":61,"column":20}},"loc":{"start":{"line":61,"column":66},"end":{"line":70,"column":3}}},"9":{"name":"(anonymous_9)","decl":{"start":{"line":75,"column":15},"end":{"line":75,"column":20}},"loc":{"start":{"line":75,"column":66},"end":{"line":78,"column":3}}},"10":{"name":"(anonymous_10)","decl":{"start":{"line":83,"column":15},"end":{"line":83,"column":20}},"loc":{"start":{"line":83,"column":66},"end":{"line":90,"column":3}}}},"branchMap":{"0":{"loc":{"start":{"line":30,"column":10},"end":{"line":30,"column":27}},"type":"binary-expr","locations":[{"start":{"line":30,"column":10},"end":{"line":30,"column":22}},{"start":{"line":30,"column":26},"end":{"line":30,"column":27}}]},"1":{"loc":{"start":{"line":63,"column":12},"end":{"line":63,"column":51}},"type":"binary-expr","locations":[{"start":{"line":63,"column":12},"end":{"line":63,"column":46}},{"start":{"line":63,"column":50},"end":{"line":63,"column":51}}]},"2":{"loc":{"start":{"line":64,"column":13},"end":{"line":64,"column":54}},"type":"binary-expr","locations":[{"start":{"line":64,"column":13},"end":{"line":64,"column":48}},{"start":{"line":64,"column":52},"end":{"line":64,"column":54}}]}},"s":{"0":0,"1":0,"2":0,"3":0,"4":0,"5":0,"6":0,"7":0,"8":0,"9":0,"10":0,"11":0,"12":0,"13":0,"14":0,"15":0,"16":0,"17":0,"18":0,"19":0,"20":0,"21":0,"22":0,"23":0,"24":0,"25":0,"26":0},"f":{"0":0,"1":0,"2":0,"3":0,"4":0,"5":0,"6":0,"7":0,"8":0,"9":0,"10":0},"b":{"0":[0,0],"1":[0,0],"2":[0,0]}}
,"/Users/nemesis/OpenSafe/src/api/routes/safety.ts": {"path":"/Users/nemesis/OpenSafe/src/api/routes/safety.ts","statementMap":{"0":{"start":{"line":1,"column":0},"end":{"line":1,"column":66}},"1":{"start":{"line":2,"column":0},"end":{"line":2,"column":98}},"2":{"start":{"line":3,"column":0},"end":{"line":3,"column":72}},"3":{"start":{"line":4,"column":0},"end":{"line":4,"column":59}},"4":{"start":{"line":6,"column":15},"end":{"line":6,"column":23}},"5":{"start":{"line":9,"column":21},"end":{"line":12,"column":3}},"6":{"start":{"line":10,"column":2},"end":{"line":12,"column":3}},"7":{"start":{"line":11,"column":4},"end":{"line":11,"column":52}},"8":{"start":{"line":15,"column":22},"end":{"line":34,"column":2}},"9":{"start":{"line":16,"column":82},"end":{"line":25,"column":4}},"10":{"start":{"line":26,"column":91},"end":{"line":33,"column":4}},"11":{"start":{"line":36,"column":0},"end":{"line":46,"column":2}},"12":{"start":{"line":40,"column":19},"end":{"line":43,"column":6}},"13":{"start":{"line":44,"column":4},"end":{"line":44,"column":21}},"14":{"start":{"line":48,"column":0},"end":{"line":55,"column":2}},"15":{"start":{"line":52,"column":19},"end":{"line":52,"column":78}},"16":{"start":{"line":53,"column":4},"end":{"line":53,"column":21}},"17":{"start":{"line":57,"column":0},"end":{"line":72,"column":2}},"18":{"start":{"line":61,"column":21},"end":{"line":69,"column":6}},"19":{"start":{"line":70,"column":4},"end":{"line":70,"column":27}},"20":{"start":{"line":74,"column":0},"end":{"line":74,"column":22}}},"fnMap":{"0":{"name":"(anonymous_0)","decl":{"start":{"line":9,"column":21},"end":{"line":9,"column":22}},"loc":{"start":{"line":10,"column":2},"end":{"line":12,"column":3}}},"1":{"name":"(anonymous_1)","decl":{"start":{"line":10,"column":2},"end":{"line":10,"column":3}},"loc":{"start":{"line":10,"column":54},"end":{"line":12,"column":3}}},"2":{"name":"(anonymous_2)","decl":{"start":{"line":16,"column":15},"end":{"line":16,"column":20}},"loc":{"start":{"line":16,"column":82},"end":{"line":25,"column":4}}},"3":{"name":"(anonymous_3)","decl":{"start":{"line":26,"column":33},"end":{"line":26,"column":38}},"loc":{"start":{"line":26,"column":91},"end":{"line":33,"column":4}}},"4":{"name":"(anonymous_4)","decl":{"start":{"line":39,"column":15},"end":{"line":39,"column":20}},"loc":{"start":{"line":39,"column":66},"end":{"line":45,"column":3}}},"5":{"name":"(anonymous_5)","decl":{"start":{"line":51,"column":15},"end":{"line":51,"column":20}},"loc":{"start":{"line":51,"column":66},"end":{"line":54,"column":3}}},"6":{"name":"(anonymous_6)","decl":{"start":{"line":59,"column":15},"end":{"line":59,"column":20}},"loc":{"start":{"line":59,"column":67},"end":{"line":71,"column":3}}}},"branchMap":{},"s":{"0":0,"1":0,"2":0,"3":0,"4":0,"5":0,"6":0,"7":0,"8":0,"9":0,"10":0,"11":0,"12":0,"13":0,"14":0,"15":0,"16":0,"17":0,"18":0,"19":0,"20":0},"f":{"0":0,"1":0,"2":0,"3":0,"4":0,"5":0,"6":0},"b":{}}
,"/Users/nemesis/OpenSafe/src/api/routes/users.ts": {"path":"/Users/nemesis/OpenSafe/src/api/routes/users.ts","statementMap":{"0":{"start":{"line":1,"column":0},"end":{"line":1,"column":33}},"1":{"start":{"line":3,"column":0},"end":{"line":3,"column":58}},"2":{"start":{"line":4,"column":0},"end":{"line":4,"column":83}},"3":{"start":{"line":5,"column":0},"end":{"line":5,"column":59}},"4":{"start":{"line":6,"column":0},"end":{"line":6,"column":118}},"5":{"start":{"line":7,"column":0},"end":{"line":7,"column":46}},"6":{"start":{"line":8,"column":0},"end":{"line":8,"column":24}},"7":{"start":{"line":14,"column":4},"end":{"line":14,"column":19}},"8":{"start":{"line":15,"column":4},"end":{"line":15,"column":33}},"9":{"start":{"line":20,"column":21},"end":{"line":23,"column":3}},"10":{"start":{"line":21,"column":2},"end":{"line":23,"column":3}},"11":{"start":{"line":22,"column":4},"end":{"line":22,"column":52}},"12":{"start":{"line":25,"column":15},"end":{"line":25,"column":23}},"13":{"start":{"line":28,"column":0},"end":{"line":35,"column":2}},"14":{"start":{"line":32,"column":21},"end":{"line":32,"column":59}},"15":{"start":{"line":33,"column":8},"end":{"line":33,"column":39}},"16":{"start":{"line":37,"column":0},"end":{"line":44,"column":2}},"17":{"start":{"line":41,"column":23},"end":{"line":41,"column":60}},"18":{"start":{"line":42,"column":8},"end":{"line":42,"column":25}},"19":{"start":{"line":47,"column":0},"end":{"line":47,"column":25}},"20":{"start":{"line":49,"column":0},"end":{"line":55,"column":2}},"21":{"start":{"line":52,"column":21},"end":{"line":52,"column":64}},"22":{"start":{"line":53,"column":8},"end":{"line":53,"column":27}},"23":{"start":{"line":57,"column":0},"end":{"line":65,"column":2}},"24":{"start":{"line":61,"column":8},"end":{"line":61,"column":96}},"25":{"start":{"line":61,"column":27},"end":{"line":61,"column":96}},"26":{"start":{"line":62,"column":28},"end":{"line":62,"column":92}},"27":{"start":{"line":63,"column":8},"end":{"line":63,"column":81}},"28":{"start":{"line":67,"column":0},"end":{"line":75,"column":2}},"29":{"start":{"line":71,"column":8},"end":{"line":71,"column":100}},"30":{"start":{"line":71,"column":27},"end":{"line":71,"column":100}},"31":{"start":{"line":72,"column":27},"end":{"line":72,"column":82}},"32":{"start":{"line":73,"column":8},"end":{"line":73,"column":91}},"33":{"start":{"line":77,"column":0},"end":{"line":84,"column":2}},"34":{"start":{"line":80,"column":8},"end":{"line":80,"column":100}},"35":{"start":{"line":80,"column":27},"end":{"line":80,"column":100}},"36":{"start":{"line":81,"column":8},"end":{"line":81,"column":52}},"37":{"start":{"line":82,"column":8},"end":{"line":82,"column":31}},"38":{"start":{"line":87,"column":0},"end":{"line":95,"column":2}},"39":{"start":{"line":91,"column":45},"end":{"line":91,"column":54}},"40":{"start":{"line":92,"column":23},"end":{"line":92,"column":103}},"41":{"start":{"line":93,"column":8},"end":{"line":93,"column":25}},"42":{"start":{"line":97,"column":27},"end":{"line":97,"column":86}},"43":{"start":{"line":99,"column":0},"end":{"line":108,"column":2}},"44":{"start":{"line":104,"column":21},"end":{"line":104,"column":65}},"45":{"start":{"line":105,"column":8},"end":{"line":105,"column":61}},"46":{"start":{"line":105,"column":19},"end":{"line":105,"column":61}},"47":{"start":{"line":106,"column":8},"end":{"line":106,"column":27}},"48":{"start":{"line":110,"column":0},"end":{"line":120,"column":2}},"49":{"start":{"line":116,"column":8},"end":{"line":116,"column":84}},"50":{"start":{"line":116,"column":27},"end":{"line":116,"column":84}},"51":{"start":{"line":117,"column":21},"end":{"line":117,"column":87}},"52":{"start":{"line":118,"column":8},"end":{"line":118,"column":65}},"53":{"start":{"line":122,"column":0},"end":{"line":131,"column":2}},"54":{"start":{"line":127,"column":8},"end":{"line":127,"column":84}},"55":{"start":{"line":127,"column":27},"end":{"line":127,"column":84}},"56":{"start":{"line":128,"column":8},"end":{"line":128,"column":65}},"57":{"start":{"line":129,"column":8},"end":{"line":129,"column":31}},"58":{"start":{"line":133,"column":0},"end":{"line":133,"column":22}},"59":{"start":{"line":136,"column":2},"end":{"line":147,"column":4}},"60":{"start":{"line":137,"column":4},"end":{"line":146,"column":5}},"61":{"start":{"line":138,"column":6},"end":{"line":138,"column":44}},"62":{"start":{"line":139,"column":6},"end":{"line":139,"column":13}},"63":{"start":{"line":141,"column":6},"end":{"line":144,"column":7}},"64":{"start":{"line":142,"column":8},"end":{"line":142,"column":119}},"65":{"start":{"line":143,"column":8},"end":{"line":143,"column":71}},"66":{"start":{"line":145,"column":6},"end":{"line":145,"column":18}},"67":{"start":{"line":135,"column":0},"end":{"line":135,"column":16}}},"fnMap":{"0":{"name":"(anonymous_0)","decl":{"start":{"line":13,"column":2},"end":{"line":13,"column":14}},"loc":{"start":{"line":13,"column":49},"end":{"line":16,"column":3}}},"1":{"name":"(anonymous_1)","decl":{"start":{"line":20,"column":21},"end":{"line":20,"column":22}},"loc":{"start":{"line":21,"column":2},"end":{"line":23,"column":3}}},"2":{"name":"(anonymous_2)","decl":{"start":{"line":21,"column":2},"end":{"line":21,"column":3}},"loc":{"start":{"line":21,"column":54},"end":{"line":23,"column":3}}},"3":{"name":"(anonymous_3)","decl":{"start":{"line":31,"column":17},"end":{"line":31,"column":22}},"loc":{"start":{"line":31,"column":55},"end":{"line":34,"column":5}}},"4":{"name":"(anonymous_4)","decl":{"start":{"line":40,"column":17},"end":{"line":40,"column":22}},"loc":{"start":{"line":40,"column":55},"end":{"line":43,"column":5}}},"5":{"name":"(anonymous_5)","decl":{"start":{"line":51,"column":17},"end":{"line":51,"column":22}},"loc":{"start":{"line":51,"column":68},"end":{"line":54,"column":5}}},"6":{"name":"(anonymous_6)","decl":{"start":{"line":60,"column":17},"end":{"line":60,"column":22}},"loc":{"start":{"line":60,"column":68},"end":{"line":64,"column":5}}},"7":{"name":"(anonymous_7)","decl":{"start":{"line":70,"column":17},"end":{"line":70,"column":22}},"loc":{"start":{"line":70,"column":68},"end":{"line":74,"column":5}}},"8":{"name":"(anonymous_8)","decl":{"start":{"line":79,"column":17},"end":{"line":79,"column":22}},"loc":{"start":{"line":79,"column":68},"end":{"line":83,"column":5}}},"9":{"name":"(anonymous_9)","decl":{"start":{"line":90,"column":17},"end":{"line":90,"column":22}},"loc":{"start":{"line":90,"column":68},"end":{"line":94,"column":5}}},"10":{"name":"(anonymous_10)","decl":{"start":{"line":103,"column":17},"end":{"line":103,"column":22}},"loc":{"start":{"line":103,"column":68},"end":{"line":107,"column":5}}},"11":{"name":"(anonymous_11)","decl":{"start":{"line":115,"column":17},"end":{"line":115,"column":22}},"loc":{"start":{"line":115,"column":68},"end":{"line":119,"column":5}}},"12":{"name":"(anonymous_12)","decl":{"start":{"line":126,"column":17},"end":{"line":126,"column":22}},"loc":{"start":{"line":126,"column":68},"end":{"line":130,"column":5}}},"13":{"name":"validateParams","decl":{"start":{"line":135,"column":16},"end":{"line":135,"column":30}},"loc":{"start":{"line":135,"column":55},"end":{"line":148,"column":1}}},"14":{"name":"(anonymous_14)","decl":{"start":{"line":136,"column":9},"end":{"line":136,"column":10}},"loc":{"start":{"line":136,"column":62},"end":{"line":147,"column":3}}}},"branchMap":{"0":{"loc":{"start":{"line":61,"column":8},"end":{"line":61,"column":96}},"type":"if","locations":[{"start":{"line":61,"column":8},"end":{"line":61,"column":96}}]},"1":{"loc":{"start":{"line":71,"column":8},"end":{"line":71,"column":100}},"type":"if","locations":[{"start":{"line":71,"column":8},"end":{"line":71,"column":100}}]},"2":{"loc":{"start":{"line":80,"column":8},"end":{"line":80,"column":100}},"type":"if","locations":[{"start":{"line":80,"column":8},"end":{"line":80,"column":100}}]},"3":{"loc":{"start":{"line":91,"column":16},"end":{"line":91,"column":26}},"type":"default-arg","locations":[{"start":{"line":91,"column":23},"end":{"line":91,"column":26}}]},"4":{"loc":{"start":{"line":91,"column":28},"end":{"line":91,"column":40}},"type":"default-arg","locations":[{"start":{"line":91,"column":36},"end":{"line":91,"column":40}}]},"5":{"loc":{"start":{"line":105,"column":8},"end":{"line":105,"column":61}},"type":"if","locations":[{"start":{"line":105,"column":8},"end":{"line":105,"column":61}}]},"6":{"loc":{"start":{"line":116,"column":8},"end":{"line":116,"column":84}},"type":"if","locations":[{"start":{"line":116,"column":8},"end":{"line":116,"column":84}}]},"7":{"loc":{"start":{"line":127,"column":8},"end":{"line":127,"column":84}},"type":"if","locations":[{"start":{"line":127,"column":8},"end":{"line":127,"column":84}}]},"8":{"loc":{"start":{"line":141,"column":6},"end":{"line":144,"column":7}},"type":"if","locations":[{"start":{"line":141,"column":6},"end":{"line":144,"column":7}}]}},"s":{"0":0,"1":0,"2":0,"3":0,"4":0,"5":0,"6":0,"7":0,"8":0,"9":0,"10":0,"11":0,"12":0,"13":0,"14":0,"15":0,"16":0,"17":0,"18":0,"19":0,"20":0,"21":0,"22":0,"23":0,"24":0,"25":0,"26":0,"27":0,"28":0,"29":0,"30":0,"31":0,"32":0,"33":0,"34":0,"35":0,"36":0,"37":0,"38":0,"39":0,"40":0,"41":0,"42":0,"43":0,"44":0,"45":0,"46":0,"47":0,"48":0,"49":0,"50":0,"51":0,"52":0,"53":0,"54":0,"55":0,"56":0,"57":0,"58":0,"59":0,"60":0,"61":0,"62":0,"63":0,"64":0,"65":0,"66":0,"67":0},"f":{"0":0,"1":0,"2":0,"3":0,"4":0,"5":0,"6":0,"7":0,"8":0,"9":0,"10":0,"11":0,"12":0,"13":0,"14":0},"b":{"0":[0],"1":[0],"2":[0],"3":[0],"4":[0],"5":[0],"6":[0],"7":[0],"8":[0]}}
,"/Users/nemesis/OpenSafe/src/cli/index.ts": {"path":"/Users/nemesis/OpenSafe/src/cli/index.ts","statementMap":{"0":{"start":{"line":3,"column":0},"end":{"line":3,"column":36}},"1":{"start":{"line":4,"column":0},"end":{"line":4,"column":29}},"2":{"start":{"line":6,"column":16},"end":{"line":6,"column":29}},"3":{"start":{"line":159,"column":9},"end":{"line":159,"column":16}},"4":{"start":{"line":9,"column":15},"end":{"line":11,"column":2}},"5":{"start":{"line":10,"column":29},"end":{"line":10,"column":62}},"6":{"start":{"line":13,"column":0},"end":{"line":16,"column":20}},"7":{"start":{"line":18,"column":0},"end":{"line":49,"column":5}},"8":{"start":{"line":26,"column":4},"end":{"line":48,"column":5}},"9":{"start":{"line":28,"column":21},"end":{"line":37,"column":8}},"10":{"start":{"line":39,"column":6},"end":{"line":44,"column":7}},"11":{"start":{"line":40,"column":8},"end":{"line":40,"column":76}},"12":{"start":{"line":41,"column":8},"end":{"line":41,"column":58}},"13":{"start":{"line":43,"column":8},"end":{"line":43,"column":53}},"14":{"start":{"line":46,"column":6},"end":{"line":46,"column":45}},"15":{"start":{"line":47,"column":6},"end":{"line":47,"column":22}},"16":{"start":{"line":51,"column":0},"end":{"line":80,"column":5}},"17":{"start":{"line":59,"column":4},"end":{"line":79,"column":5}},"18":{"start":{"line":61,"column":21},"end":{"line":68,"column":8}},"19":{"start":{"line":70,"column":6},"end":{"line":75,"column":7}},"20":{"start":{"line":71,"column":8},"end":{"line":71,"column":76}},"21":{"start":{"line":72,"column":8},"end":{"line":72,"column":58}},"22":{"start":{"line":74,"column":8},"end":{"line":74,"column":53}},"23":{"start":{"line":77,"column":6},"end":{"line":77,"column":54}},"24":{"start":{"line":78,"column":6},"end":{"line":78,"column":22}},"25":{"start":{"line":82,"column":0},"end":{"line":106,"column":5}},"26":{"start":{"line":89,"column":4},"end":{"line":105,"column":5}},"27":{"start":{"line":90,"column":25},"end":{"line":97,"column":8}},"28":{"start":{"line":99,"column":6},"end":{"line":99,"column":58}},"29":{"start":{"line":100,"column":6},"end":{"line":100,"column":43}},"30":{"start":{"line":101,"column":6},"end":{"line":101,"column":55}},"31":{"start":{"line":103,"column":6},"end":{"line":103,"column":47}},"32":{"start":{"line":104,"column":6},"end":{"line":104,"column":22}},"33":{"start":{"line":108,"column":0},"end":{"line":153,"column":5}},"34":{"start":{"line":114,"column":4},"end":{"line":152,"column":5}},"35":{"start":{"line":115,"column":26},"end":{"line":115,"column":75}},"36":{"start":{"line":119,"column":6},"end":{"line":126,"column":7}},"37":{"start":{"line":120,"column":8},"end":{"line":120,"column":70}},"38":{"start":{"line":122,"column":8},"end":{"line":125,"column":10}},"39":{"start":{"line":128,"column":22},"end":{"line":132,"column":9}},"40":{"start":{"line":128,"column":50},"end":{"line":132,"column":8}},"41":{"start":{"line":134,"column":23},"end":{"line":134,"column":84}},"42":{"start":{"line":134,"column":50},"end":{"line":134,"column":59}},"43":{"start":{"line":135,"column":22},"end":{"line":140,"column":8}},"44":{"start":{"line":137,"column":44},"end":{"line":137,"column":53}},"45":{"start":{"line":142,"column":6},"end":{"line":148,"column":7}},"46":{"start":{"line":143,"column":8},"end":{"line":143,"column":77}},"47":{"start":{"line":144,"column":8},"end":{"line":144,"column":68}},"48":{"start":{"line":146,"column":8},"end":{"line":146,"column":65}},"49":{"start":{"line":147,"column":8},"end":{"line":147,"column":68}},"50":{"start":{"line":150,"column":6},"end":{"line":150,"column":46}},"51":{"start":{"line":151,"column":6},"end":{"line":151,"column":22}},"52":{"start":{"line":155,"column":0},"end":{"line":157,"column":1}},"53":{"start":{"line":156,"column":2},"end":{"line":156,"column":18}}},"fnMap":{"0":{"name":"(anonymous_1)","decl":{"start":{"line":10,"column":9},"end":{"line":10,"column":10}},"loc":{"start":{"line":10,"column":29},"end":{"line":10,"column":62}}},"1":{"name":"(anonymous_2)","decl":{"start":{"line":25,"column":10},"end":{"line":25,"column":15}},"loc":{"start":{"line":25,"column":34},"end":{"line":49,"column":3}}},"2":{"name":"(anonymous_3)","decl":{"start":{"line":58,"column":10},"end":{"line":58,"column":15}},"loc":{"start":{"line":58,"column":34},"end":{"line":80,"column":3}}},"3":{"name":"(anonymous_4)","decl":{"start":{"line":88,"column":10},"end":{"line":88,"column":15}},"loc":{"start":{"line":88,"column":41},"end":{"line":106,"column":3}}},"4":{"name":"(anonymous_5)","decl":{"start":{"line":113,"column":10},"end":{"line":113,"column":15}},"loc":{"start":{"line":113,"column":28},"end":{"line":153,"column":3}}},"5":{"name":"(anonymous_6)","decl":{"start":{"line":128,"column":34},"end":{"line":128,"column":35}},"loc":{"start":{"line":128,"column":50},"end":{"line":132,"column":8}}},"6":{"name":"(anonymous_7)","decl":{"start":{"line":134,"column":38},"end":{"line":134,"column":39}},"loc":{"start":{"line":134,"column":50},"end":{"line":134,"column":59}}},"7":{"name":"(anonymous_8)","decl":{"start":{"line":137,"column":32},"end":{"line":137,"column":33}},"loc":{"start":{"line":137,"column":44},"end":{"line":137,"column":53}}}},"branchMap":{"0":{"loc":{"start":{"line":39,"column":6},"end":{"line":44,"column":7}},"type":"if","locations":[{"start":{"line":39,"column":6},"end":{"line":44,"column":7}},{"start":{"line":42,"column":13},"end":{"line":44,"column":7}}]},"1":{"loc":{"start":{"line":70,"column":6},"end":{"line":75,"column":7}},"type":"if","locations":[{"start":{"line":70,"column":6},"end":{"line":75,"column":7}},{"start":{"line":73,"column":13},"end":{"line":75,"column":7}}]},"2":{"loc":{"start":{"line":115,"column":26},"end":{"line":115,"column":75}},"type":"binary-expr","locations":[{"start":{"line":115,"column":26},"end":{"line":115,"column":41}},{"start":{"line":115,"column":45},"end":{"line":115,"column":75}}]},"3":{"loc":{"start":{"line":142,"column":6},"end":{"line":148,"column":7}},"type":"if","locations":[{"start":{"line":142,"column":6},"end":{"line":148,"column":7}},{"start":{"line":145,"column":13},"end":{"line":148,"column":7}}]},"4":{"loc":{"start":{"line":155,"column":0},"end":{"line":157,"column":1}},"type":"if","locations":[{"start":{"line":155,"column":0},"end":{"line":157,"column":1}}]}},"s":{"0":0,"1":0,"2":0,"3":0,"4":0,"5":0,"6":0,"7":0,"8":0,"9":0,"10":0,"11":0,"12":0,"13":0,"14":0,"15":0,"16":0,"17":0,"18":0,"19":0,"20":0,"21":0,"22":0,"23":0,"24":0,"25":0,"26":0,"27":0,"28":0,"29":0,"30":0,"31":0,"32":0,"33":0,"34":0,"35":0,"36":0,"37":0,"38":0,"39":0,"40":0,"41":0,"42":0,"43":0,"44":0,"45":0,"46":0,"47":0,"48":0,"49":0,"50":0,"51":0,"52":0,"53":0},"f":{"0":0,"1":0,"2":0,"3":0,"4":0,"5":0,"6":0,"7":0},"b":{"0":[0,0],"1":[0,0],"2":[0,0],"3":[0,0],"4":[0]}}
,"/Users/nemesis/OpenSafe/src/config/constants.ts": {"path":"/Users/nemesis/OpenSafe/src/config/constants.ts","statementMap":{"0":{"start":{"line":1,"column":13},"end":{"line":4,"column":2}},"1":{"start":{"line":6,"column":13},"end":{"line":6,"column":82}}},"fnMap":{},"branchMap":{"0":{"loc":{"start":{"line":2,"column":26},"end":{"line":2,"column":90}},"type":"cond-expr","locations":[{"start":{"line":2,"column":60},"end":{"line":2,"column":69}},{"start":{"line":2,"column":72},"end":{"line":2,"column":90}}]},"1":{"loc":{"start":{"line":6,"column":42},"end":{"line":6,"column":81}},"type":"cond-expr","locations":[{"start":{"line":6,"column":76},"end":{"line":6,"column":77}},{"start":{"line":6,"column":80},"end":{"line":6,"column":81}}]}},"s":{"0":0,"1":0},"f":{},"b":{"0":[0,0],"1":[0,0]}}
,"/Users/nemesis/OpenSafe/src/config/index.ts": {"path":"/Users/nemesis/OpenSafe/src/config/index.ts","statementMap":{"0":{"start":{"line":1,"column":0},"end":{"line":1,"column":28}},"1":{"start":{"line":2,"column":0},"end":{"line":2,"column":24}},"2":{"start":{"line":5,"column":0},"end":{"line":5,"column":16}},"3":{"start":{"line":8,"column":29},"end":{"line":13,"column":2}},"4":{"start":{"line":16,"column":26},"end":{"line":25,"column":2}},"5":{"start":{"line":28,"column":21},"end":{"line":145,"column":2}},"6":{"start":{"line":148,"column":18},"end":{"line":227,"column":2}},"7":{"start":{"line":230,"column":13},"end":{"line":230,"column":52}},"8":{"start":{"line":238,"column":33},"end":{"line":240,"column":1}},"9":{"start":{"line":239,"column":2},"end":{"line":239,"column":48}},"10":{"start":{"line":238,"column":13},"end":{"line":238,"column":33}},"11":{"start":{"line":242,"column":33},"end":{"line":247,"column":1}},"12":{"start":{"line":243,"column":19},"end":{"line":243,"column":50}},"13":{"start":{"line":244,"column":2},"end":{"line":244,"column":29}},"14":{"start":{"line":244,"column":17},"end":{"line":244,"column":29}},"15":{"start":{"line":246,"column":2},"end":{"line":246,"column":46}},"16":{"start":{"line":242,"column":13},"end":{"line":242,"column":33}},"17":{"start":{"line":250,"column":30},"end":{"line":252,"column":1}},"18":{"start":{"line":251,"column":2},"end":{"line":251,"column":42}},"19":{"start":{"line":250,"column":13},"end":{"line":250,"column":30}},"20":{"start":{"line":254,"column":0},"end":{"line":254,"column":22}}},"fnMap":{"0":{"name":"(anonymous_1)","decl":{"start":{"line":238,"column":33},"end":{"line":238,"column":34}},"loc":{"start":{"line":238,"column":81},"end":{"line":240,"column":1}}},"1":{"name":"(anonymous_2)","decl":{"start":{"line":242,"column":33},"end":{"line":242,"column":34}},"loc":{"start":{"line":242,"column":73},"end":{"line":247,"column":1}}},"2":{"name":"(anonymous_3)","decl":{"start":{"line":250,"column":30},"end":{"line":250,"column":31}},"loc":{"start":{"line":250,"column":72},"end":{"line":252,"column":1}}}},"branchMap":{"0":{"loc":{"start":{"line":149,"column":17},"end":{"line":149,"column":43}},"type":"binary-expr","locations":[{"start":{"line":149,"column":17},"end":{"line":149,"column":33}},{"start":{"line":149,"column":37},"end":{"line":149,"column":43}}]},"1":{"loc":{"start":{"line":150,"column":7},"end":{"line":150,"column":44}},"type":"binary-expr","locations":[{"start":{"line":150,"column":7},"end":{"line":150,"column":27}},{"start":{"line":150,"column":31},"end":{"line":150,"column":44}}]},"2":{"loc":{"start":{"line":153,"column":9},"end":{"line":153,"column":43}},"type":"binary-expr","locations":[{"start":{"line":153,"column":9},"end":{"line":153,"column":26}},{"start":{"line":153,"column":30},"end":{"line":153,"column":43}}]},"3":{"loc":{"start":{"line":154,"column":12},"end":{"line":154,"column":44}},"type":"binary-expr","locations":[{"start":{"line":154,"column":12},"end":{"line":154,"column":32}},{"start":{"line":154,"column":36},"end":{"line":154,"column":44}}]},"4":{"loc":{"start":{"line":158,"column":9},"end":{"line":158,"column":94}},"type":"binary-expr","locations":[{"start":{"line":158,"column":9},"end":{"line":158,"column":33}},{"start":{"line":158,"column":37},"end":{"line":158,"column":94}}]},"5":{"loc":{"start":{"line":160,"column":29},"end":{"line":160,"column":73}},"type":"binary-expr","locations":[{"start":{"line":160,"column":29},"end":{"line":160,"column":65}},{"start":{"line":160,"column":69},"end":{"line":160,"column":73}}]},"6":{"loc":{"start":{"line":165,"column":9},"end":{"line":165,"column":58}},"type":"binary-expr","locations":[{"start":{"line":165,"column":9},"end":{"line":165,"column":30}},{"start":{"line":165,"column":34},"end":{"line":165,"column":58}}]},"7":{"loc":{"start":{"line":166,"column":18},"end":{"line":166,"column":49}},"type":"binary-expr","locations":[{"start":{"line":166,"column":18},"end":{"line":166,"column":39}},{"start":{"line":166,"column":43},"end":{"line":166,"column":49}}]},"8":{"loc":{"start":{"line":171,"column":15},"end":{"line":171,"column":89}},"type":"binary-expr","locations":[{"start":{"line":171,"column":15},"end":{"line":171,"column":37}},{"start":{"line":171,"column":41},"end":{"line":171,"column":89}}]},"9":{"loc":{"start":{"line":172,"column":18},"end":{"line":172,"column":53}},"type":"binary-expr","locations":[{"start":{"line":172,"column":18},"end":{"line":172,"column":44}},{"start":{"line":172,"column":48},"end":{"line":172,"column":53}}]},"10":{"loc":{"start":{"line":173,"column":27},"end":{"line":173,"column":60}},"type":"binary-expr","locations":[{"start":{"line":173,"column":27},"end":{"line":173,"column":52}},{"start":{"line":173,"column":56},"end":{"line":173,"column":60}}]},"11":{"loc":{"start":{"line":181,"column":11},"end":{"line":181,"column":63}},"type":"binary-expr","locations":[{"start":{"line":181,"column":11},"end":{"line":181,"column":34}},{"start":{"line":181,"column":38},"end":{"line":181,"column":63}}]},"12":{"loc":{"start":{"line":182,"column":11},"end":{"line":182,"column":44}},"type":"binary-expr","locations":[{"start":{"line":182,"column":11},"end":{"line":182,"column":33}},{"start":{"line":182,"column":37},"end":{"line":182,"column":44}}]},"13":{"loc":{"start":{"line":183,"column":12},"end":{"line":183,"column":47}},"type":"binary-expr","locations":[{"start":{"line":183,"column":12},"end":{"line":183,"column":36}},{"start":{"line":183,"column":40},"end":{"line":183,"column":47}}]},"14":{"loc":{"start":{"line":189,"column":22},"end":{"line":189,"column":59}},"type":"binary-expr","locations":[{"start":{"line":189,"column":22},"end":{"line":189,"column":49}},{"start":{"line":189,"column":53},"end":{"line":189,"column":59}}]},"15":{"loc":{"start":{"line":195,"column":16},"end":{"line":195,"column":54}},"type":"binary-expr","locations":[{"start":{"line":195,"column":16},"end":{"line":195,"column":41}},{"start":{"line":195,"column":45},"end":{"line":195,"column":54}}]},"16":{"loc":{"start":{"line":196,"column":21},"end":{"line":196,"column":67}},"type":"binary-expr","locations":[{"start":{"line":196,"column":21},"end":{"line":196,"column":53}},{"start":{"line":196,"column":57},"end":{"line":196,"column":67}}]},"17":{"loc":{"start":{"line":217,"column":12},"end":{"line":217,"column":43}},"type":"binary-expr","locations":[{"start":{"line":217,"column":12},"end":{"line":217,"column":35}},{"start":{"line":217,"column":39},"end":{"line":217,"column":43}}]},"18":{"loc":{"start":{"line":223,"column":11},"end":{"line":223,"column":42}},"type":"binary-expr","locations":[{"start":{"line":223,"column":11},"end":{"line":223,"column":32}},{"start":{"line":223,"column":36},"end":{"line":223,"column":42}}]},"19":{"loc":{"start":{"line":224,"column":12},"end":{"line":224,"column":44}},"type":"binary-expr","locations":[{"start":{"line":224,"column":12},"end":{"line":224,"column":34}},{"start":{"line":224,"column":38},"end":{"line":224,"column":44}}]},"20":{"loc":{"start":{"line":239,"column":9},"end":{"line":239,"column":47}},"type":"binary-expr","locations":[{"start":{"line":239,"column":9},"end":{"line":239,"column":39}},{"start":{"line":239,"column":43},"end":{"line":239,"column":47}}]},"21":{"loc":{"start":{"line":244,"column":2},"end":{"line":244,"column":29}},"type":"if","locations":[{"start":{"line":244,"column":2},"end":{"line":244,"column":29}}]},"22":{"loc":{"start":{"line":246,"column":9},"end":{"line":246,"column":45}},"type":"binary-expr","locations":[{"start":{"line":246,"column":9},"end":{"line":246,"column":37}},{"start":{"line":246,"column":41},"end":{"line":246,"column":45}}]},"23":{"loc":{"start":{"line":251,"column":9},"end":{"line":251,"column":41}},"type":"binary-expr","locations":[{"start":{"line":251,"column":9},"end":{"line":251,"column":33}},{"start":{"line":251,"column":37},"end":{"line":251,"column":41}}]}},"s":{"0":2,"1":2,"2":2,"3":2,"4":2,"5":2,"6":2,"7":2,"8":2,"9":0,"10":2,"11":2,"12":0,"13":0,"14":0,"15":0,"16":2,"17":2,"18":0,"19":2,"20":2},"f":{"0":0,"1":0,"2":0},"b":{"0":[2,0],"1":[2,0],"2":[2,2],"3":[2,2],"4":[2,0],"5":[2,2],"6":[2,0],"7":[2,2],"8":[2,0],"9":[2,2],"10":[2,2],"11":[2,2],"12":[2,2],"13":[2,2],"14":[2,2],"15":[2,2],"16":[2,2],"17":[2,0],"18":[2,0],"19":[2,0],"20":[0,0],"21":[0],"22":[0,0],"23":[0,0]}}
,"/Users/nemesis/OpenSafe/src/integrations/openai-agents-sdk.ts": {"path":"/Users/nemesis/OpenSafe/src/integrations/openai-agents-sdk.ts","statementMap":{"0":{"start":{"line":8,"column":0},"end":{"line":8,"column":28}},"1":{"start":{"line":9,"column":0},"end":{"line":9,"column":59}},"2":{"start":{"line":10,"column":0},"end":{"line":10,"column":57}},"3":{"start":{"line":97,"column":4},"end":{"line":100,"column":7}},"4":{"start":{"line":102,"column":4},"end":{"line":102,"column":63}},"5":{"start":{"line":103,"column":4},"end":{"line":108,"column":6}},"6":{"start":{"line":115,"column":4},"end":{"line":189,"column":5}},"7":{"start":{"line":117,"column":33},"end":{"line":121,"column":17}},"8":{"start":{"line":123,"column":6},"end":{"line":125,"column":7}},"9":{"start":{"line":124,"column":8},"end":{"line":124,"column":132}},"10":{"start":{"line":124,"column":110},"end":{"line":124,"column":116}},"11":{"start":{"line":128,"column":29},"end":{"line":128,"column":48}},"12":{"start":{"line":129,"column":6},"end":{"line":137,"column":7}},"13":{"start":{"line":130,"column":37},"end":{"line":134,"column":19}},"14":{"start":{"line":136,"column":8},"end":{"line":136,"column":56}},"15":{"start":{"line":140,"column":24},"end":{"line":151,"column":8}},"16":{"start":{"line":154,"column":6},"end":{"line":165,"column":9}},"17":{"start":{"line":167,"column":6},"end":{"line":176,"column":8}},"18":{"start":{"line":179,"column":6},"end":{"line":187,"column":9}},"19":{"start":{"line":188,"column":6},"end":{"line":188,"column":18}},"20":{"start":{"line":196,"column":19},"end":{"line":202,"column":6}},"21":{"start":{"line":204,"column":4},"end":{"line":209,"column":7}},"22":{"start":{"line":211,"column":4},"end":{"line":211,"column":18}},"23":{"start":{"line":227,"column":4},"end":{"line":297,"column":5}},"24":{"start":{"line":229,"column":29},"end":{"line":233,"column":17}},"25":{"start":{"line":235,"column":25},"end":{"line":235,"column":70}},"26":{"start":{"line":237,"column":6},"end":{"line":239,"column":7}},"27":{"start":{"line":238,"column":8},"end":{"line":238,"column":121}},"28":{"start":{"line":238,"column":99},"end":{"line":238,"column":105}},"29":{"start":{"line":242,"column":24},"end":{"line":242,"column":31}},"30":{"start":{"line":243,"column":6},"end":{"line":251,"column":7}},"31":{"start":{"line":244,"column":37},"end":{"line":248,"column":19}},"32":{"start":{"line":250,"column":8},"end":{"line":250,"column":51}},"33":{"start":{"line":254,"column":22},"end":{"line":263,"column":8}},"34":{"start":{"line":265,"column":6},"end":{"line":277,"column":9}},"35":{"start":{"line":279,"column":6},"end":{"line":283,"column":8}},"36":{"start":{"line":286,"column":6},"end":{"line":295,"column":9}},"37":{"start":{"line":296,"column":6},"end":{"line":296,"column":18}},"38":{"start":{"line":316,"column":4},"end":{"line":419,"column":5}},"39":{"start":{"line":317,"column":25},"end":{"line":317,"column":70}},"40":{"start":{"line":320,"column":29},"end":{"line":320,"column":32}},"41":{"start":{"line":321,"column":29},"end":{"line":321,"column":49}},"42":{"start":{"line":322,"column":39},"end":{"line":322,"column":70}},"43":{"start":{"line":324,"column":6},"end":{"line":344,"column":7}},"44":{"start":{"line":325,"column":35},"end":{"line":328,"column":19}},"45":{"start":{"line":330,"column":8},"end":{"line":330,"column":80}},"46":{"start":{"line":332,"column":8},"end":{"line":334,"column":9}},"47":{"start":{"line":333,"column":10},"end":{"line":333,"column":128}},"48":{"start":{"line":333,"column":106},"end":{"line":333,"column":112}},"49":{"start":{"line":336,"column":8},"end":{"line":343,"column":9}},"50":{"start":{"line":337,"column":39},"end":{"line":341,"column":21}},"51":{"start":{"line":342,"column":10},"end":{"line":342,"column":58}},"52":{"start":{"line":346,"column":6},"end":{"line":366,"column":7}},"53":{"start":{"line":347,"column":33},"end":{"line":350,"column":19}},"54":{"start":{"line":352,"column":8},"end":{"line":352,"column":78}},"55":{"start":{"line":354,"column":8},"end":{"line":356,"column":9}},"56":{"start":{"line":355,"column":10},"end":{"line":355,"column":133}},"57":{"start":{"line":355,"column":111},"end":{"line":355,"column":117}},"58":{"start":{"line":358,"column":8},"end":{"line":365,"column":9}},"59":{"start":{"line":359,"column":39},"end":{"line":363,"column":21}},"60":{"start":{"line":364,"column":10},"end":{"line":364,"column":68}},"61":{"start":{"line":369,"column":18},"end":{"line":381,"column":8}},"62":{"start":{"line":383,"column":6},"end":{"line":394,"column":9}},"63":{"start":{"line":396,"column":6},"end":{"line":405,"column":8}},"64":{"start":{"line":408,"column":6},"end":{"line":417,"column":9}},"65":{"start":{"line":418,"column":6},"end":{"line":418,"column":18}},"66":{"start":{"line":430,"column":4},"end":{"line":508,"column":5}},"67":{"start":{"line":432,"column":16},"end":{"line":432,"column":77}},"68":{"start":{"line":434,"column":6},"end":{"line":437,"column":7}},"69":{"start":{"line":435,"column":8},"end":{"line":435,"column":64}},"70":{"start":{"line":435,"column":37},"end":{"line":435,"column":62}},"71":{"start":{"line":436,"column":8},"end":{"line":436,"column":76}},"72":{"start":{"line":440,"column":41},"end":{"line":440,"column":43}},"73":{"start":{"line":442,"column":6},"end":{"line":470,"column":7}},"74":{"start":{"line":444,"column":25},"end":{"line":447,"column":10}},"75":{"start":{"line":449,"column":8},"end":{"line":469,"column":9}},"76":{"start":{"line":450,"column":30},"end":{"line":450,"column":46}},"77":{"start":{"line":451,"column":10},"end":{"line":468,"column":11}},"78":{"start":{"line":452,"column":28},"end":{"line":455,"column":25}},"79":{"start":{"line":453,"column":27},"end":{"line":453,"column":44}},"80":{"start":{"line":454,"column":25},"end":{"line":454,"column":45}},"81":{"start":{"line":457,"column":33},"end":{"line":461,"column":23}},"82":{"start":{"line":463,"column":12},"end":{"line":463,"column":51}},"83":{"start":{"line":465,"column":12},"end":{"line":467,"column":13}},"84":{"start":{"line":466,"column":14},"end":{"line":466,"column":81}},"85":{"start":{"line":466,"column":72},"end":{"line":466,"column":78}},"86":{"start":{"line":472,"column":6},"end":{"line":483,"column":9}},"87":{"start":{"line":485,"column":6},"end":{"line":494,"column":8}},"88":{"start":{"line":497,"column":6},"end":{"line":506,"column":9}},"89":{"start":{"line":507,"column":6},"end":{"line":507,"column":18}},"90":{"start":{"line":522,"column":23},"end":{"line":522,"column":70}},"91":{"start":{"line":524,"column":48},"end":{"line":535,"column":9}},"92":{"start":{"line":525,"column":27},"end":{"line":525,"column":78}},"93":{"start":{"line":526,"column":25},"end":{"line":535,"column":8}},"94":{"start":{"line":537,"column":4},"end":{"line":541,"column":6}},"95":{"start":{"line":548,"column":4},"end":{"line":570,"column":5}},"96":{"start":{"line":549,"column":21},"end":{"line":549,"column":71}},"97":{"start":{"line":551,"column":6},"end":{"line":556,"column":9}},"98":{"start":{"line":558,"column":6},"end":{"line":558,"column":20}},"99":{"start":{"line":560,"column":6},"end":{"line":568,"column":9}},"100":{"start":{"line":569,"column":6},"end":{"line":569,"column":18}},"101":{"start":{"line":84,"column":0},"end":{"line":84,"column":13}},"102":{"start":{"line":575,"column":13},"end":{"line":581,"column":2}}},"fnMap":{"0":{"name":"(anonymous_1)","decl":{"start":{"line":89,"column":2},"end":{"line":89,"column":null}},"loc":{"start":{"line":95,"column":10},"end":{"line":109,"column":3}}},"1":{"name":"(anonymous_2)","decl":{"start":{"line":114,"column":2},"end":{"line":114,"column":7}},"loc":{"start":{"line":114,"column":65},"end":{"line":190,"column":3}}},"2":{"name":"(anonymous_3)","decl":{"start":{"line":124,"column":105},"end":{"line":124,"column":106}},"loc":{"start":{"line":124,"column":110},"end":{"line":124,"column":116}}},"3":{"name":"(anonymous_4)","decl":{"start":{"line":195,"column":2},"end":{"line":195,"column":7}},"loc":{"start":{"line":195,"column":76},"end":{"line":212,"column":3}}},"4":{"name":"(anonymous_5)","decl":{"start":{"line":217,"column":2},"end":{"line":217,"column":7}},"loc":{"start":{"line":225,"column":20},"end":{"line":298,"column":3}}},"5":{"name":"(anonymous_6)","decl":{"start":{"line":238,"column":94},"end":{"line":238,"column":95}},"loc":{"start":{"line":238,"column":99},"end":{"line":238,"column":105}}},"6":{"name":"(anonymous_7)","decl":{"start":{"line":303,"column":2},"end":{"line":303,"column":7}},"loc":{"start":{"line":314,"column":20},"end":{"line":420,"column":3}}},"7":{"name":"(anonymous_8)","decl":{"start":{"line":333,"column":101},"end":{"line":333,"column":102}},"loc":{"start":{"line":333,"column":106},"end":{"line":333,"column":112}}},"8":{"name":"(anonymous_9)","decl":{"start":{"line":355,"column":106},"end":{"line":355,"column":107}},"loc":{"start":{"line":355,"column":111},"end":{"line":355,"column":117}}},"9":{"name":"(anonymous_10)","decl":{"start":{"line":425,"column":2},"end":{"line":425,"column":7}},"loc":{"start":{"line":428,"column":20},"end":{"line":509,"column":3}}},"10":{"name":"(anonymous_11)","decl":{"start":{"line":435,"column":26},"end":{"line":435,"column":33}},"loc":{"start":{"line":435,"column":37},"end":{"line":435,"column":62}}},"11":{"name":"(anonymous_12)","decl":{"start":{"line":453,"column":22},"end":{"line":453,"column":23}},"loc":{"start":{"line":453,"column":27},"end":{"line":453,"column":44}}},"12":{"name":"(anonymous_13)","decl":{"start":{"line":454,"column":19},"end":{"line":454,"column":20}},"loc":{"start":{"line":454,"column":25},"end":{"line":454,"column":45}}},"13":{"name":"(anonymous_14)","decl":{"start":{"line":466,"column":67},"end":{"line":466,"column":68}},"loc":{"start":{"line":466,"column":72},"end":{"line":466,"column":78}}},"14":{"name":"(anonymous_15)","decl":{"start":{"line":514,"column":2},"end":{"line":514,"column":7}},"loc":{"start":{"line":520,"column":10},"end":{"line":542,"column":3}}},"15":{"name":"(anonymous_16)","decl":{"start":{"line":525,"column":14},"end":{"line":525,"column":23}},"loc":{"start":{"line":525,"column":27},"end":{"line":525,"column":78}}},"16":{"name":"(anonymous_17)","decl":{"start":{"line":526,"column":11},"end":{"line":526,"column":20}},"loc":{"start":{"line":526,"column":25},"end":{"line":535,"column":8}}},"17":{"name":"(anonymous_18)","decl":{"start":{"line":547,"column":2},"end":{"line":547,"column":7}},"loc":{"start":{"line":547,"column":65},"end":{"line":571,"column":3}}}},"branchMap":{"0":{"loc":{"start":{"line":91,"column":4},"end":{"line":95,"column":10}},"type":"default-arg","locations":[{"start":{"line":95,"column":8},"end":{"line":95,"column":10}}]},"1":{"loc":{"start":{"line":102,"column":29},"end":{"line":102,"column":62}},"type":"binary-expr","locations":[{"start":{"line":102,"column":29},"end":{"line":102,"column":48}},{"start":{"line":102,"column":52},"end":{"line":102,"column":62}}]},"2":{"loc":{"start":{"line":103,"column":29},"end":{"line":108,"column":6}},"type":"binary-expr","locations":[{"start":{"line":103,"column":29},"end":{"line":103,"column":62}},{"start":{"line":103,"column":66},"end":{"line":108,"column":6}}]},"3":{"loc":{"start":{"line":123,"column":6},"end":{"line":125,"column":7}},"type":"if","locations":[{"start":{"line":123,"column":6},"end":{"line":125,"column":7}}]},"4":{"loc":{"start":{"line":123,"column":10},"end":{"line":123,"column":69}},"type":"binary-expr","locations":[{"start":{"line":123,"column":10},"end":{"line":123,"column":34}},{"start":{"line":123,"column":38},"end":{"line":123,"column":69}}]},"5":{"loc":{"start":{"line":129,"column":6},"end":{"line":137,"column":7}},"type":"if","locations":[{"start":{"line":129,"column":6},"end":{"line":137,"column":7}}]},"6":{"loc":{"start":{"line":129,"column":10},"end":{"line":129,"column":76}},"type":"binary-expr","locations":[{"start":{"line":129,"column":10},"end":{"line":129,"column":40}},{"start":{"line":129,"column":44},"end":{"line":129,"column":76}}]},"7":{"loc":{"start":{"line":132,"column":22},"end":{"line":132,"column":80}},"type":"binary-expr","locations":[{"start":{"line":132,"column":22},"end":{"line":132,"column":54}},{"start":{"line":132,"column":58},"end":{"line":132,"column":80}}]},"8":{"loc":{"start":{"line":145,"column":15},"end":{"line":145,"column":33}},"type":"binary-expr","locations":[{"start":{"line":145,"column":15},"end":{"line":145,"column":27}},{"start":{"line":145,"column":31},"end":{"line":145,"column":33}}]},"9":{"loc":{"start":{"line":148,"column":23},"end":{"line":148,"column":67}},"type":"binary-expr","locations":[{"start":{"line":148,"column":23},"end":{"line":148,"column":41}},{"start":{"line":148,"column":45},"end":{"line":148,"column":67}}]},"10":{"loc":{"start":{"line":161,"column":22},"end":{"line":161,"column":66}},"type":"binary-expr","locations":[{"start":{"line":161,"column":22},"end":{"line":161,"column":40}},{"start":{"line":161,"column":44},"end":{"line":161,"column":66}}]},"11":{"loc":{"start":{"line":171,"column":23},"end":{"line":171,"column":67}},"type":"binary-expr","locations":[{"start":{"line":171,"column":23},"end":{"line":171,"column":41}},{"start":{"line":171,"column":45},"end":{"line":171,"column":67}}]},"12":{"loc":{"start":{"line":172,"column":37},"end":{"line":172,"column":95}},"type":"binary-expr","locations":[{"start":{"line":172,"column":37},"end":{"line":172,"column":69}},{"start":{"line":172,"column":73},"end":{"line":172,"column":95}}]},"13":{"loc":{"start":{"line":185,"column":17},"end":{"line":185,"column":73}},"type":"cond-expr","locations":[{"start":{"line":185,"column":42},"end":{"line":185,"column":55}},{"start":{"line":185,"column":58},"end":{"line":185,"column":73}}]},"14":{"loc":{"start":{"line":220,"column":4},"end":{"line":220,"column":39}},"type":"default-arg","locations":[{"start":{"line":220,"column":33},"end":{"line":220,"column":39}}]},"15":{"loc":{"start":{"line":221,"column":4},"end":{"line":224,"column":10}},"type":"default-arg","locations":[{"start":{"line":224,"column":8},"end":{"line":224,"column":10}}]},"16":{"loc":{"start":{"line":235,"column":25},"end":{"line":235,"column":70}},"type":"binary-expr","locations":[{"start":{"line":235,"column":25},"end":{"line":235,"column":44}},{"start":{"line":235,"column":48},"end":{"line":235,"column":70}}]},"17":{"loc":{"start":{"line":237,"column":6},"end":{"line":239,"column":7}},"type":"if","locations":[{"start":{"line":237,"column":6},"end":{"line":239,"column":7}}]},"18":{"loc":{"start":{"line":237,"column":10},"end":{"line":237,"column":57}},"type":"binary-expr","locations":[{"start":{"line":237,"column":10},"end":{"line":237,"column":30}},{"start":{"line":237,"column":34},"end":{"line":237,"column":57}}]},"19":{"loc":{"start":{"line":243,"column":6},"end":{"line":251,"column":7}},"type":"if","locations":[{"start":{"line":243,"column":6},"end":{"line":251,"column":7}}]},"20":{"loc":{"start":{"line":243,"column":10},"end":{"line":243,"column":55}},"type":"binary-expr","locations":[{"start":{"line":243,"column":10},"end":{"line":243,"column":36}},{"start":{"line":243,"column":40},"end":{"line":243,"column":55}}]},"21":{"loc":{"start":{"line":29
[...]
line":152,"column":6},"end":{"line":152,"column":78}},"80":{"start":{"line":154,"column":8},"end":{"line":154,"column":71}},"81":{"start":{"line":159,"column":18},"end":{"line":159,"column":39}},"82":{"start":{"line":160,"column":4},"end":{"line":165,"column":5}},"83":{"start":{"line":161,"column":27},"end":{"line":161,"column":55}},"84":{"start":{"line":162,"column":6},"end":{"line":162,"column":78}},"85":{"start":{"line":164,"column":8},"end":{"line":164,"column":71}},"86":{"start":{"line":169,"column":6},"end":{"line":169,"column":36}},"87":{"start":{"line":169,"column":19},"end":{"line":169,"column":36}},"88":{"start":{"line":170,"column":51},"end":{"line":170,"column":53}},"89":{"start":{"line":171,"column":6},"end":{"line":173,"column":7}},"90":{"start":{"line":172,"column":10},"end":{"line":172,"column":50}},"91":{"start":{"line":174,"column":6},"end":{"line":174,"column":26}},"92":{"start":{"line":178,"column":4},"end":{"line":209,"column":6}},"93":{"start":{"line":179,"column":20},"end":{"line":179,"column":30}},"94":{"start":{"line":181,"column":6},"end":{"line":206,"column":9}},"95":{"start":{"line":182,"column":27},"end":{"line":182,"column":45}},"96":{"start":{"line":184,"column":22},"end":{"line":184,"column":51}},"97":{"start":{"line":185,"column":23},"end":{"line":189,"column":10}},"98":{"start":{"line":191,"column":8},"end":{"line":191,"column":90}},"99":{"start":{"line":192,"column":8},"end":{"line":192,"column":61}},"100":{"start":{"line":193,"column":8},"end":{"line":195,"column":9}},"101":{"start":{"line":194,"column":12},"end":{"line":194,"column":93}},"102":{"start":{"line":198,"column":8},"end":{"line":204,"column":11}},"103":{"start":{"line":208,"column":6},"end":{"line":208,"column":13}},"104":{"start":{"line":16,"column":0},"end":{"line":16,"column":13}}},"fnMap":{"0":{"name":"(anonymous_0)","decl":{"start":{"line":6,"column":8},"end":{"line":6,"column":9}},"loc":{"start":{"line":6,"column":28},"end":{"line":6,"column":59}}},"1":{"name":"(anonymous_1)","decl":{"start":{"line":11,"column":8},"end":{"line":11,"column":9}},"loc":{"start":{"line":11,"column":37},"end":{"line":13,"column":3}}},"2":{"name":"(anonymous_2)","decl":{"start":{"line":23,"column":2},"end":{"line":23,"column":null}},"loc":{"start":{"line":23,"column":2},"end":{"line":29,"column":3}}},"3":{"name":"(anonymous_3)","decl":{"start":{"line":31,"column":10},"end":{"line":31,"column":27}},"loc":{"start":{"line":31,"column":27},"end":{"line":66,"column":3}}},"4":{"name":"(anonymous_4)","decl":{"start":{"line":68,"column":2},"end":{"line":68,"column":15}},"loc":{"start":{"line":68,"column":81},"end":{"line":74,"column":3}}},"5":{"name":"(anonymous_5)","decl":{"start":{"line":76,"column":2},"end":{"line":76,"column":17}},"loc":{"start":{"line":76,"column":87},"end":{"line":87,"column":3}}},"6":{"name":"(anonymous_6)","decl":{"start":{"line":89,"column":2},"end":{"line":89,"column":13}},"loc":{"start":{"line":89,"column":63},"end":{"line":94,"column":3}}},"7":{"name":"(anonymous_7)","decl":{"start":{"line":96,"column":2},"end":{"line":96,"column":15}},"loc":{"start":{"line":96,"column":89},"end":{"line":105,"column":3}}},"8":{"name":"(anonymous_8)","decl":{"start":{"line":108,"column":2},"end":{"line":108,"column":18}},"loc":{"start":{"line":108,"column":92},"end":{"line":116,"column":3}}},"9":{"name":"(anonymous_9)","decl":{"start":{"line":118,"column":2},"end":{"line":118,"column":18}},"loc":{"start":{"line":118,"column":88},"end":{"line":126,"column":3}}},"10":{"name":"(anonymous_10)","decl":{"start":{"line":128,"column":2},"end":{"line":128,"column":16}},"loc":{"start":{"line":128,"column":86},"end":{"line":136,"column":3}}},"11":{"name":"(anonymous_11)","decl":{"start":{"line":138,"column":2},"end":{"line":138,"column":10}},"loc":{"start":{"line":138,"column":80},"end":{"line":146,"column":3}}},"12":{"name":"(anonymous_12)","decl":{"start":{"line":148,"column":2},"end":{"line":148,"column":16}},"loc":{"start":{"line":148,"column":90},"end":{"line":156,"column":3}}},"13":{"name":"(anonymous_13)","decl":{"start":{"line":158,"column":2},"end":{"line":158,"column":16}},"loc":{"start":{"line":158,"column":90},"end":{"line":166,"column":3}}},"14":{"name":"(anonymous_14)","decl":{"start":{"line":168,"column":10},"end":{"line":168,"column":25}},"loc":{"start":{"line":168,"column":66},"end":{"line":175,"column":3}}},"15":{"name":"(anonymous_15)","decl":{"start":{"line":177,"column":2},"end":{"line":177,"column":12}},"loc":{"start":{"line":177,"column":12},"end":{"line":210,"column":3}}},"16":{"name":"(anonymous_16)","decl":{"start":{"line":178,"column":11},"end":{"line":178,"column":12}},"loc":{"start":{"line":178,"column":63},"end":{"line":209,"column":5}}},"17":{"name":"(anonymous_17)","decl":{"start":{"line":181,"column":23},"end":{"line":181,"column":26}},"loc":{"start":{"line":181,"column":28},"end":{"line":206,"column":7}}}},"branchMap":{"0":{"loc":{"start":{"line":68,"column":44},"end":{"line":68,"column":65}},"type":"default-arg","locations":[{"start":{"line":68,"column":63},"end":{"line":68,"column":65}}]},"1":{"loc":{"start":{"line":69,"column":4},"end":{"line":69,"column":65}},"type":"if","locations":[{"start":{"line":69,"column":4},"end":{"line":69,"column":65}}]},"2":{"loc":{"start":{"line":72,"column":4},"end":{"line":72,"column":107}},"type":"if","locations":[{"start":{"line":72,"column":4},"end":{"line":72,"column":107}}]},"3":{"loc":{"start":{"line":72,"column":29},"end":{"line":72,"column":106}},"type":"cond-expr","locations":[{"start":{"line":72,"column":49},"end":{"line":72,"column":85}},{"start":{"line":72,"column":88},"end":{"line":72,"column":106}}]},"4":{"loc":{"start":{"line":76,"column":46},"end":{"line":76,"column":67}},"type":"default-arg","locations":[{"start":{"line":76,"column":65},"end":{"line":76,"column":67}}]},"5":{"loc":{"start":{"line":77,"column":4},"end":{"line":77,"column":69}},"type":"if","locations":[{"start":{"line":77,"column":4},"end":{"line":77,"column":69}}]},"6":{"loc":{"start":{"line":82,"column":15},"end":{"line":82,"column":83}},"type":"binary-expr","locations":[{"start":{"line":82,"column":15},"end":{"line":82,"column":22}},{"start":{"line":82,"column":26},"end":{"line":82,"column":83}}]},"7":{"loc":{"start":{"line":89,"column":42},"end":{"line":89,"column":63}},"type":"default-arg","locations":[{"start":{"line":89,"column":61},"end":{"line":89,"column":63}}]},"8":{"loc":{"start":{"line":90,"column":4},"end":{"line":90,"column":61}},"type":"if","locations":[{"start":{"line":90,"column":4},"end":{"line":90,"column":61}}]},"9":{"loc":{"start":{"line":96,"column":44},"end":{"line":96,"column":65}},"type":"default-arg","locations":[{"start":{"line":96,"column":63},"end":{"line":96,"column":65}}]},"10":{"loc":{"start":{"line":97,"column":4},"end":{"line":97,"column":67}},"type":"if","locations":[{"start":{"line":97,"column":4},"end":{"line":97,"column":67}}]},"11":{"loc":{"start":{"line":100,"column":21},"end":{"line":100,"column":52}},"type":"binary-expr","locations":[{"start":{"line":100,"column":21},"end":{"line":100,"column":32}},{"start":{"line":100,"column":36},"end":{"line":100,"column":52}}]},"12":{"loc":{"start":{"line":108,"column":75},"end":{"line":108,"column":92}},"type":"default-arg","locations":[{"start":{"line":108,"column":91},"end":{"line":108,"column":92}}]},"13":{"loc":{"start":{"line":110,"column":4},"end":{"line":115,"column":5}},"type":"if","locations":[{"start":{"line":110,"column":4},"end":{"line":115,"column":5}},{"start":{"line":113,"column":11},"end":{"line":115,"column":5}}]},"14":{"loc":{"start":{"line":112,"column":6},"end":{"line":112,"column":81}},"type":"cond-expr","locations":[{"start":{"line":112,"column":21},"end":{"line":112,"column":60}},{"start":{"line":112,"column":63},"end":{"line":112,"column":81}}]},"15":{"loc":{"start":{"line":120,"column":4},"end":{"line":125,"column":5}},"type":"if","locations":[{"start":{"line":120,"column":4},"end":{"line":125,"column":5}},{"start":{"line":123,"column":11},"end":{"line":125,"column":5}}]},"16":{"loc":{"start":{"line":122,"column":6},"end":{"line":122,"column":93}},"type":"cond-expr","locations":[{"start":{"line":122,"column":21},"end":{"line":122,"column":66}},{"start":{"line":122,"column":69},"end":{"line":122,"column":93}}]},"17":{"loc":{"start":{"line":130,"column":4},"end":{"line":135,"column":5}},"type":"if","locations":[{"start":{"line":130,"column":4},"end":{"line":135,"column":5}},{"start":{"line":133,"column":11},"end":{"line":135,"column":5}}]},"18":{"loc":{"start":{"line":132,"column":6},"end":{"line":132,"column":89}},"type":"cond-expr","locations":[{"start":{"line":132,"column":21},"end":{"line":132,"column":64}},{"start":{"line":132,"column":67},"end":{"line":132,"column":89}}]},"19":{"loc":{"start":{"line":140,"column":4},"end":{"line":145,"column":5}},"type":"if","locations":[{"start":{"line":140,"column":4},"end":{"line":145,"column":5}},{"start":{"line":143,"column":11},"end":{"line":145,"column":5}}]},"20":{"loc":{"start":{"line":142,"column":6},"end":{"line":142,"column":77}},"type":"cond-expr","locations":[{"start":{"line":142,"column":21},"end":{"line":142,"column":58}},{"start":{"line":142,"column":61},"end":{"line":142,"column":77}}]},"21":{"loc":{"start":{"line":148,"column":73},"end":{"line":148,"column":90}},"type":"default-arg","locations":[{"start":{"line":148,"column":89},"end":{"line":148,"column":90}}]},"22":{"loc":{"start":{"line":150,"column":4},"end":{"line":155,"column":5}},"type":"if","locations":[{"start":{"line":150,"column":4},"end":{"line":155,"column":5}},{"start":{"line":153,"column":11},"end":{"line":155,"column":5}}]},"23":{"loc":{"start":{"line":152,"column":6},"end":{"line":152,"column":77}},"type":"cond-expr","locations":[{"start":{"line":152,"column":21},"end":{"line":152,"column":58}},{"start":{"line":152,"column":61},"end":{"line":152,"column":77}}]},"24":{"loc":{"start":{"line":158,"column":73},"end":{"line":158,"column":90}},"type":"default-arg","locations":[{"start":{"line":158,"column":89},"end":{"line":158,"column":90}}]},"25":{"loc":{"start":{"line":160,"column":4},"end":{"line":165,"column":5}},"type":"if","locations":[{"start":{"line":160,"column":4},"end":{"line":165,"column":5}},{"start":{"line":163,"column":11},"end":{"line":165,"column":5}}]},"26":{"loc":{"start":{"line":162,"column":6},"end":{"line":162,"column":77}},"type":"cond-expr","locations":[{"start":{"line":162,"column":21},"end":{"line":162,"column":58}},{"start":{"line":162,"column":61},"end":{"line":162,"column":77}}]},"27":{"loc":{"start":{"line":169,"column":6},"end":{"line":169,"column":36}},"type":"if","locations":[{"start":{"line":169,"column":6},"end":{"line":169,"column":36}}]},"28":{"loc":{"start":{"line":184,"column":22},"end":{"line":184,"column":51}},"type":"binary-expr","locations":[{"start":{"line":184,"column":23},"end":{"line":184,"column":38}},{"start":{"line":184,"column":43},"end":{"line":184,"column":51}}]},"29":{"loc":{"start":{"line":193,"column":8},"end":{"line":195,"column":9}},"type":"if","locations":[{"start":{"line":193,"column":8},"end":{"line":195,"column":9}}]}},"s":{"0":0,"1":0,"2":0,"3":0,"4":0,"5":0,"6":0,"7":0,"8":0,"9":0,"10":0,"11":0,"12":0,"13":0,"14":0,"15":0,"16":0,"17":0,"18":0,"19":0,"20":0,"21":0,"22":0,"23":0,"24":0,"25":0,"26":0,"27":0,"28":0,"29":0,"30":0,"31":0,"32":0,"33":0,"34":0,"35":0,"36":0,"37":0,"38":0,"39":0,"40":0,"41":0,"42":0,"43":0,"44":0,"45":0,"46":0,"47":0,"48":0,"49":0,"50":0,"51":0,"52":0,"53":0,"54":0,"55":0,"56":0,"57":0,"58":0,"59":0,"60":0,"61":0,"62":0,"63":0,"64":0,"65":0,"66":0,"67":0,"68":0,"69":0,"70":0,"71":0,"72":0,"73":0,"74":0,"75":0,"76":0,"77":0,"78":0,"79":0,"80":0,"81":0,"82":0,"83":0,"84":0,"85":0,"86":0,"87":0,"88":0,"89":0,"90":0,"91":0,"92":0,"93":0,"94":0,"95":0,"96":0,"97":0,"98":0,"99":0,"100":0,"101":0,"102":0,"103":0,"104":0},"f":{"0":0,"1":0,"2":0,"3":0,"4":0,"5":0,"6":0,"7":0,"8":0,"9":0,"10":0,"11":0,"12":0,"13":0,"14":0,"15":0,"16":0,"17":0},"b":{"0":[0],"1":[0],"2":[0],"3":[0,0],"4":[0],"5":[0],"6":[0,0],"7":[0],"8":[0],"9":[0],"10":[0],"11":[0,0],"12":[0],"13":[0,0],"14":[0,0],"15":[0,0],"16":[0,0],"17":[0,0],"18":[0,0],"19":[0,0],"20":[0,0],"21":[0],"22":[0,0],"23":[0,0],"24":[0],"25":[0,0],"26":[0,0],"27":[0],"28":[0,0],"29":[0]}}
,"/Users/nemesis/OpenSafe/src/websocket/realtime.ts": {"path":"/Users/nemesis/OpenSafe/src/websocket/realtime.ts","statementMap":{"0":{"start":{"line":1,"column":0},"end":{"line":1,"column":48}},"1":{"start":{"line":2,"column":0},"end":{"line":2,"column":31}},"2":{"start":{"line":3,"column":0},"end":{"line":3,"column":35}},"3":{"start":{"line":6,"column":15},"end":{"line":10,"column":2}},"4":{"start":{"line":7,"column":28},"end":{"line":7,"column":59}},"5":{"start":{"line":8,"column":28},"end":{"line":8,"column":59}},"6":{"start":{"line":9,"column":29},"end":{"line":9,"column":62}},"7":{"start":{"line":20,"column":18},"end":{"line":20,"column":45}},"8":{"start":{"line":22,"column":2},"end":{"line":73,"column":5}},"9":{"start":{"line":23,"column":18},"end":{"line":23,"column":91}},"10":{"start":{"line":25,"column":4},"end":{"line":28,"column":5}},"11":{"start":{"line":26,"column":6},"end":{"line":26,"column":53}},"12":{"start":{"line":27,"column":6},"end":{"line":27,"column":13}},"13":{"start":{"line":30,"column":4},"end":{"line":72,"column":5}},"14":{"start":{"line":31,"column":22},"end":{"line":31,"column":73}},"15":{"start":{"line":32,"column":23},"end":{"line":32,"column":52}},"16":{"start":{"line":34,"column":31},"end":{"line":39,"column":8}},"17":{"start":{"line":41,"column":6},"end":{"line":41,"column":36}},"18":{"start":{"line":42,"column":6},"end":{"line":42,"column":82}},"19":{"start":{"line":44,"column":6},"end":{"line":52,"column":9}},"20":{"start":{"line":45,"column":8},"end":{"line":51,"column":9}},"21":{"start":{"line":46,"column":26},"end":{"line":46,"column":53}},"22":{"start":{"line":47,"column":10},"end":{"line":47,"column":41}},"23":{"start":{"line":49,"column":10},"end":{"line":49,"column":59}},"24":{"start":{"line":50,"column":10},"end":{"line":50,"column":71}},"25":{"start":{"line":54,"column":6},"end":{"line":57,"column":9}},"26":{"start":{"line":55,"column":8},"end":{"line":55,"column":33}},"27":{"start":{"line":56,"column":8},"end":{"line":56,"column":67}},"28":{"start":{"line":59,"column":6},"end":{"line":61,"column":9}},"29":{"start":{"line":60,"column":8},"end":{"line":60,"column":61}},"30":{"start":{"line":64,"column":6},"end":{"line":68,"column":10}},"31":{"start":{"line":70,"column":6},"end":{"line":70,"column":61}},"32":{"start":{"line":71,"column":6},"end":{"line":71,"column":53}},"33":{"start":{"line":76,"column":4},"end":{"line":88,"column":5}},"34":{"start":{"line":78,"column":8},"end":{"line":78,"column":49}},"35":{"start":{"line":79,"column":8},"end":{"line":79,"column":14}},"36":{"start":{"line":81,"column":8},"end":{"line":81,"column":51}},"37":{"start":{"line":82,"column":8},"end":{"line":82,"column":14}},"38":{"start":{"line":84,"column":8},"end":{"line":84,"column":80}},"39":{"start":{"line":85,"column":8},"end":{"line":85,"column":14}},"40":{"start":{"line":87,"column":8},"end":{"line":87,"column":74}},"41":{"start":{"line":92,"column":28},"end":{"line":92,"column":64}},"42":{"start":{"line":94,"column":4},"end":{"line":97,"column":5}},"43":{"start":{"line":95,"column":6},"end":{"line":95,"column":67}},"44":{"start":{"line":96,"column":6},"end":{"line":96,"column":13}},"45":{"start":{"line":98,"column":4},"end":{"line":98,"column":45}},"46":{"start":{"line":99,"column":4},"end":{"line":103,"column":8}},"47":{"start":{"line":107,"column":4},"end":{"line":107,"column":41}},"48":{"start":{"line":108,"column":4},"end":{"line":112,"column":8}},"49":{"start":{"line":117,"column":20},"end":{"line":122,"column":6}},"50":{"start":{"line":123,"column":4},"end":{"line":127,"column":7}},"51":{"start":{"line":124,"column":6},"end":{"line":126,"column":7}},"52":{"start":{"line":125,"column":8},"end":{"line":125,"column":32}},"53":{"start":{"line":130,"column":2},"end":{"line":130,"column":23}},"54":{"start":{"line":19,"column":0},"end":{"line":19,"column":16}}},"fnMap":{"0":{"name":"(anonymous_1)","decl":{"start":{"line":7,"column":8},"end":{"line":7,"column":9}},"loc":{"start":{"line":7,"column":28},"end":{"line":7,"column":59}}},"1":{"name":"(anonymous_2)","decl":{"start":{"line":8,"column":8},"end":{"line":8,"column":9}},"loc":{"start":{"line":8,"column":28},"end":{"line":8,"column":59}}},"2":{"name":"(anonymous_3)","decl":{"start":{"line":9,"column":9},"end":{"line":9,"column":10}},"loc":{"start":{"line":9,"column":29},"end":{"line":9,"column":62}}},"3":{"name":"setupWebSocket","decl":{"start":{"line":19,"column":16},"end":{"line":19,"column":30}},"loc":{"start":{"line":19,"column":51},"end":{"line":131,"column":1}}},"4":{"name":"(anonymous_5)","decl":{"start":{"line":22,"column":23},"end":{"line":22,"column":24}},"loc":{"start":{"line":22,"column":35},"end":{"line":73,"column":3}}},"5":{"name":"(anonymous_6)","decl":{"start":{"line":44,"column":23},"end":{"line":44,"column":24}},"loc":{"start":{"line":44,"column":32},"end":{"line":52,"column":7}}},"6":{"name":"(anonymous_7)","decl":{"start":{"line":54,"column":21},"end":{"line":54,"column":24}},"loc":{"start":{"line":54,"column":26},"end":{"line":57,"column":7}}},"7":{"name":"(anonymous_8)","decl":{"start":{"line":59,"column":21},"end":{"line":59,"column":22}},"loc":{"start":{"line":59,"column":31},"end":{"line":61,"column":7}}},"8":{"name":"handleMessage","decl":{"start":{"line":75,"column":11},"end":{"line":75,"column":24}},"loc":{"start":{"line":75,"column":55},"end":{"line":89,"column":3}}},"9":{"name":"handleSubscribe","decl":{"start":{"line":91,"column":11},"end":{"line":91,"column":26}},"loc":{"start":{"line":91,"column":67},"end":{"line":104,"column":3}}},"10":{"name":"handleUnsubscribe","decl":{"start":{"line":106,"column":11},"end":{"line":106,"column":28}},"loc":{"start":{"line":106,"column":62},"end":{"line":113,"column":3}}},"11":{"name":"broadcast","decl":{"start":{"line":116,"column":11},"end":{"line":116,"column":20}},"loc":{"start":{"line":116,"column":47},"end":{"line":128,"column":3}}},"12":{"name":"(anonymous_13)","decl":{"start":{"line":123,"column":20},"end":{"line":123,"column":26}},"loc":{"start":{"line":123,"column":29},"end":{"line":127,"column":5}}}},"branchMap":{"0":{"loc":{"start":{"line":25,"column":4},"end":{"line":28,"column":5}},"type":"if","locations":[{"start":{"line":25,"column":4},"end":{"line":28,"column":5}}]},"1":{"loc":{"start":{"line":76,"column":4},"end":{"line":88,"column":5}},"type":"switch","locations":[{"start":{"line":77,"column":6},"end":{"line":79,"column":14}},{"start":{"line":80,"column":6},"end":{"line":82,"column":14}},{"start":{"line":83,"column":6},"end":{"line":85,"column":14}},{"start":{"line":86,"column":6},"end":{"line":87,"column":74}}]},"2":{"loc":{"start":{"line":94,"column":4},"end":{"line":97,"column":5}},"type":"if","locations":[{"start":{"line":94,"column":4},"end":{"line":97,"column":5}}]},"3":{"loc":{"start":{"line":124,"column":6},"end":{"line":126,"column":7}},"type":"if","locations":[{"start":{"line":124,"column":6},"end":{"line":126,"column":7}}]},"4":{"loc":{"start":{"line":124,"column":10},"end":{"line":124,"column":86}},"type":"binary-expr","locations":[{"start":{"line":124,"column":10},"end":{"line":124,"column":43}},{"start":{"line":124,"column":47},"end":{"line":124,"column":86}}]}},"s":{"0":0,"1":0,"2":0,"3":0,"4":0,"5":0,"6":0,"7":0,"8":0,"9":0,"10":0,"11":0,"12":0,"13":0,"14":0,"15":0,"16":0,"17":0,"18":0,"19":0,"20":0,"21":0,"22":0,"23":0,"24":0,"25":0,"26":0,"27":0,"28":0,"29":0,"30":0,"31":0,"32":0,"33":0,"34":0,"35":0,"36":0,"37":0,"38":0,"39":0,"40":0,"41":0,"42":0,"43":0,"44":0,"45":0,"46":0,"47":0,"48":0,"49":0,"50":0,"51":0,"52":0,"53":0,"54":0},"f":{"0":0,"1":0,"2":0,"3":0,"4":0,"5":0,"6":0,"7":0,"8":0,"9":0,"10":0,"11":0,"12":0},"b":{"0":[0],"1":[0,0,0,0],"2":[0],"3":[0],"4":[0,0]}}
}
