TN:
SF:src/api/middleware/auth.ts
FN:9,(anonymous_1)
FN:15,(anonymous_2)
FN:29,authenticate
FN:87,authorize
FN:88,(anonymous_5)
FNF:5
FNH:0
FNDA:0,(anonymous_1)
FNDA:0,(anonymous_2)
FNDA:0,authenticate
FNDA:0,authorize
FNDA:0,(anonymous_5)
DA:2,0
DA:3,0
DA:5,0
DA:8,0
DA:9,0
DA:16,0
DA:17,0
DA:29,0
DA:30,0
DA:31,0
DA:33,0
DA:34,0
DA:37,0
DA:39,0
DA:40,0
DA:44,0
DA:45,0
DA:46,0
DA:47,0
DA:52,0
DA:54,0
DA:60,0
DA:61,0
DA:62,0
DA:63,0
DA:68,0
DA:70,0
DA:71,0
DA:75,0
DA:78,0
DA:79,0
DA:81,0
DA:82,0
DA:87,0
DA:88,0
DA:89,0
DA:90,0
DA:92,0
DA:93,0
DA:94,0
DA:96,0
LF:41
LH:0
BRDA:33,0,0,0
BRDA:39,1,0,0
BRDA:39,2,0,0
BRDA:39,2,1,0
BRDA:44,3,0,0
BRDA:60,4,0,0
BRDA:62,5,0,0
BRDA:62,5,1,0
BRDA:78,6,0,0
BRDA:78,6,1,0
BRDA:89,7,0,0
BRDA:92,8,0,0
BRF:12
BRH:0
end_of_record
TN:
SF:src/api/middleware/logging.ts
FN:8,requestLogging
FN:15,(anonymous_1)
FN:52,(anonymous_2)
FN:63,detailedErrorLogging
FNF:4
FNH:0
FNDA:0,requestLogging
FNDA:0,(anonymous_1)
FNDA:0,(anonymous_2)
FNDA:0,detailedErrorLogging
DA:2,0
DA:4,0
DA:5,0
DA:8,0
DA:9,0
DA:10,0
DA:11,0
DA:12,0
DA:13,0
DA:15,0
DA:16,0
DA:17,0
DA:19,0
DA:30,0
DA:31,0
DA:33,0
DA:39,0
DA:41,0
DA:42,0
DA:52,0
DA:56,0
DA:63,0
DA:64,0
DA:65,0
DA:66,0
DA:68,0
DA:80,0
DA:83,0
DA:86,0
LF:29
LH:0
BRDA:11,0,0,0
BRDA:11,0,1,0
BRDA:30,1,0,0
BRDA:30,1,1,0
BRDA:41,2,0,0
BRDA:41,3,0,0
BRDA:41,3,1,0
BRDA:41,3,2,0
BRDA:47,4,0,0
BRDA:47,4,1,0
BRDA:50,5,0,0
BRDA:50,5,1,0
BRDA:51,6,0,0
BRDA:51,6,1,0
BRDA:51,7,0,0
BRDA:51,7,1,0
BRDA:64,8,0,0
BRDA:64,8,1,0
BRDA:65,9,0,0
BRDA:65,9,1,0
BRDA:66,10,0,0
BRDA:66,10,1,0
BRDA:73,11,0,0
BRDA:73,11,1,0
BRF:24
BRH:0
end_of_record
TN:
SF:src/api/middleware/rateLimit.ts
FN:20,(anonymous_0)
FN:23,(anonymous_1)
FN:26,(anonymous_2)
FN:35,(anonymous_3)
FN:39,(anonymous_4)
FN:91,(anonymous_5)
FNF:6
FNH:0
FNDA:0,(anonymous_0)
FNDA:0,(anonymous_1)
FNDA:0,(anonymous_2)
FNDA:0,(anonymous_3)
FNDA:0,(anonymous_4)
FNDA:0,(anonymous_5)
DA:17,0
DA:21,0
DA:23,0
DA:27,0
DA:28,0
DA:29,0
DA:30,0
DA:36,0
DA:39,0
DA:40,0
DA:41,0
DA:42,0
DA:44,0
DA:46,0
DA:50,0
DA:51,0
DA:52,0
DA:53,0
DA:56,0
DA:57,0
DA:58,0
DA:59,0
DA:60,0
DA:62,0
DA:69,0
DA:70,0
DA:71,0
DA:72,0
DA:74,0
DA:79,0
DA:85,0
DA:91,0
LF:32
LH:0
BRDA:29,0,0,0
BRDA:36,1,0,0
BRDA:36,1,1,0
BRDA:36,1,2,0
BRDA:44,2,0,0
BRDA:44,3,0,0
BRDA:44,3,1,0
BRDA:56,4,0,0
BRDA:63,5,0,0
BRDA:63,5,1,0
BRF:10
BRH:0
end_of_record
TN:
SF:src/api/routes/audit.ts
FN:11,(anonymous_0)
FN:12,(anonymous_1)
FN:18,(anonymous_2)
FNF:3
FNH:0
FNDA:0,(anonymous_0)
FNDA:0,(anonymous_1)
FNDA:0,(anonymous_2)
DA:1,0
DA:2,0
DA:3,0
DA:4,0
DA:6,0
DA:8,0
DA:11,0
DA:12,0
DA:13,0
DA:16,0
DA:19,0
DA:29,0
DA:30,0
DA:34,0
LF:14
LH:0
BRDA:25,0,0,0
BRDA:25,0,1,0
BRDA:26,1,0,0
BRDA:26,1,1,0
BRF:4
BRH:0
end_of_record
TN:
SF:src/api/routes/chat.ts
FN:10,(anonymous_0)
FN:11,(anonymous_1)
FN:16,(anonymous_2)
FN:25,(anonymous_3)
FN:48,(anonymous_4)
FN:57,(anonymous_5)
FN:67,(anonymous_6)
FN:71,(anonymous_7)
FNF:8
FNH:0
FNDA:0,(anonymous_0)
FNDA:0,(anonymous_1)
FNDA:0,(anonymous_2)
FNDA:0,(anonymous_3)
FNDA:0,(anonymous_4)
FNDA:0,(anonymous_5)
FNDA:0,(anonymous_6)
FNDA:0,(anonymous_7)
DA:1,0
DA:2,0
DA:3,0
DA:4,0
DA:5,0
DA:7,0
DA:10,0
DA:11,0
DA:12,0
DA:16,0
DA:18,0
DA:21,0
DA:26,0
DA:27,0
DA:32,0
DA:34,0
DA:35,0
DA:36,0
DA:38,0
DA:44,0
DA:49,0
DA:51,0
DA:52,0
DA:53,0
DA:55,0
DA:58,0
DA:65,0
DA:68,0
DA:69,0
DA:72,0
DA:73,0
DA:74,0
DA:75,0
DA:77,0
DA:80,0
DA:81,0
DA:87,0
DA:88,0
DA:89,0
DA:90,0
DA:92,0
DA:99,0
LF:42
LH:0
BRDA:35,0,0,0
BRDA:35,0,1,0
BRDA:62,1,0,0
BRDA:62,1,1,0
BRDA:73,2,0,0
BRDA:73,2,1,0
BRDA:74,3,0,0
BRDA:74,3,1,0
BRDA:88,4,0,0
BRDA:89,5,0,0
BRDA:89,5,1,0
BRF:11
BRH:0
end_of_record
TN:
SF:src/api/routes/index.ts
FN:8,setupRoutes
FN:17,(anonymous_2)
FNF:2
FNH:0
FNDA:0,setupRoutes
FNDA:0,(anonymous_2)
DA:2,0
DA:3,0
DA:4,0
DA:5,0
DA:6,0
DA:8,0
DA:10,0
DA:11,0
DA:12,0
DA:13,0
DA:14,0
DA:17,0
DA:18,0
LF:13
LH:0
BRDA:20,0,0,0
BRDA:20,0,1,0
BRF:2
BRH:0
end_of_record
TN:
SF:src/api/routes/policies.ts
FN:8,(anonymous_0)
FN:9,(anonymous_1)
FN:15,(anonymous_2)
FN:22,(anonymous_3)
FN:37,(anonymous_4)
FNF:5
FNH:0
FNDA:0,(anonymous_0)
FNDA:0,(anonymous_1)
FNDA:0,(anonymous_2)
FNDA:0,(anonymous_3)
FNDA:0,(anonymous_4)
DA:1,0
DA:2,0
DA:3,0
DA:5,0
DA:8,0
DA:9,0
DA:10,0
DA:14,0
DA:16,0
DA:20,0
DA:24,0
DA:31,0
DA:35,0
DA:38,0
DA:41,0
DA:53,0
DA:54,0
DA:55,0
DA:56,0
DA:58,0
DA:59,0
DA:60,0
DA:64,0
DA:70,0
DA:74,0
LF:25
LH:0
BRDA:26,0,0,0
BRDA:26,0,1,0
BRDA:27,1,0,0
BRDA:27,1,1,0
BRDA:42,2,0,0
BRDA:42,2,1,0
BRDA:49,3,0,0
BRDA:49,3,1,0
BRDA:53,4,0,0
BRDA:53,5,0,0
BRDA:53,5,1,0
BRDA:54,6,0,0
BRDA:58,7,0,0
BRF:13
BRH:0
end_of_record
TN:
SF:src/api/routes/research.ts
FN:7,(anonymous_0)
FN:8,(anonymous_1)
FN:14,(anonymous_2)
FN:21,(anonymous_3)
FN:27,(anonymous_4)
FN:33,(anonymous_5)
FN:42,(anonymous_6)
FN:53,(anonymous_7)
FN:61,(anonymous_8)
FN:75,(anonymous_9)
FN:83,(anonymous_10)
FNF:11
FNH:0
FNDA:0,(anonymous_0)
FNDA:0,(anonymous_1)
FNDA:0,(anonymous_2)
FNDA:0,(anonymous_3)
FNDA:0,(anonymous_4)
FNDA:0,(anonymous_5)
FNDA:0,(anonymous_6)
FNDA:0,(anonymous_7)
FNDA:0,(anonymous_8)
FNDA:0,(anonymous_9)
FNDA:0,(anonymous_10)
DA:1,0
DA:2,0
DA:4,0
DA:7,0
DA:8,0
DA:9,0
DA:13,0
DA:14,0
DA:21,0
DA:27,0
DA:33,0
DA:40,0
DA:43,0
DA:47,0
DA:51,0
DA:54,0
DA:55,0
DA:59,0
DA:62,0
DA:68,0
DA:69,0
DA:73,0
DA:76,0
DA:77,0
DA:81,0
DA:85,0
DA:93,0
LF:27
LH:0
BRDA:30,0,0,0
BRDA:30,0,1,0
BRDA:63,1,0,0
BRDA:63,1,1,0
BRDA:64,2,0,0
BRDA:64,2,1,0
BRF:6
BRH:0
end_of_record
TN:
SF:src/api/routes/safety.ts
FN:9,(anonymous_0)
FN:10,(anonymous_1)
FN:16,(anonymous_2)
FN:26,(anonymous_3)
FN:39,(anonymous_4)
FN:51,(anonymous_5)
FN:59,(anonymous_6)
FNF:7
FNH:0
FNDA:0,(anonymous_0)
FNDA:0,(anonymous_1)
FNDA:0,(anonymous_2)
FNDA:0,(anonymous_3)
FNDA:0,(anonymous_4)
FNDA:0,(anonymous_5)
FNDA:0,(anonymous_6)
DA:1,0
DA:2,0
DA:3,0
DA:4,0
DA:6,0
DA:9,0
DA:10,0
DA:11,0
DA:15,0
DA:16,0
DA:26,0
DA:36,0
DA:40,0
DA:44,0
DA:48,0
DA:52,0
DA:53,0
DA:57,0
DA:61,0
DA:70,0
DA:74,0
LF:21
LH:0
BRF:0
BRH:0
end_of_record
TN:
SF:src/api/routes/users.ts
FN:13,(anonymous_0)
FN:20,(anonymous_1)
FN:21,(anonymous_2)
FN:31,(anonymous_3)
FN:40,(anonymous_4)
FN:51,(anonymous_5)
FN:60,(anonymous_6)
FN:70,(anonymous_7)
FN:79,(anonymous_8)
FN:90,(anonymous_9)
FN:103,(anonymous_10)
FN:115,(anonymous_11)
FN:126,(anonymous_12)
FN:135,validateParams
FN:136,(anonymous_14)
FNF:15
FNH:0
FNDA:0,(anonymous_0)
FNDA:0,(anonymous_1)
FNDA:0,(anonymous_2)
FNDA:0,(anonymous_3)
FNDA:0,(anonymous_4)
FNDA:0,(anonymous_5)
FNDA:0,(anonymous_6)
FNDA:0,(anonymous_7)
FNDA:0,(anonymous_8)
FNDA:0,(anonymous_9)
FNDA:0,(anonymous_10)
FNDA:0,(anonymous_11)
FNDA:0,(anonymous_12)
FNDA:0,validateParams
FNDA:0,(anonymous_14)
DA:1,0
DA:3,0
DA:4,0
DA:5,0
DA:6,0
DA:7,0
DA:8,0
DA:14,0
DA:15,0
DA:20,0
DA:21,0
DA:22,0
DA:25,0
DA:28,0
DA:32,0
DA:33,0
DA:37,0
DA:41,0
DA:42,0
DA:47,0
DA:49,0
DA:52,0
DA:53,0
DA:57,0
DA:61,0
DA:62,0
DA:63,0
DA:67,0
DA:71,0
DA:72,0
DA:73,0
DA:77,0
DA:80,0
DA:81,0
DA:82,0
DA:87,0
DA:91,0
DA:92,0
DA:93,0
DA:97,0
DA:99,0
DA:104,0
DA:105,0
DA:106,0
DA:110,0
DA:116,0
DA:117,0
DA:118,0
DA:122,0
DA:127,0
DA:128,0
DA:129,0
DA:133,0
DA:135,0
DA:136,0
DA:137,0
DA:138,0
DA:139,0
DA:141,0
DA:142,0
DA:143,0
DA:145,0
LF:62
LH:0
BRDA:61,0,0,0
BRDA:71,1,0,0
BRDA:80,2,0,0
BRDA:91,3,0,0
BRDA:91,4,0,0
BRDA:105,5,0,0
BRDA:116,6,0,0
BRDA:127,7,0,0
BRDA:141,8,0,0
BRF:9
BRH:0
end_of_record
TN:
SF:src/cli/index.ts
FN:10,(anonymous_1)
FN:25,(anonymous_2)
FN:58,(anonymous_3)
FN:88,(anonymous_4)
FN:113,(anonymous_5)
FN:128,(anonymous_6)
FN:134,(anonymous_7)
FN:137,(anonymous_8)
FNF:8
FNH:0
FNDA:0,(anonymous_1)
FNDA:0,(anonymous_2)
FNDA:0,(anonymous_3)
FNDA:0,(anonymous_4)
FNDA:0,(anonymous_5)
FNDA:0,(anonymous_6)
FNDA:0,(anonymous_7)
FNDA:0,(anonymous_8)
DA:3,0
DA:4,0
DA:6,0
DA:9,0
DA:10,0
DA:13,0
DA:18,0
DA:26,0
DA:28,0
DA:39,0
DA:40,0
DA:41,0
DA:43,0
DA:46,0
DA:47,0
DA:51,0
DA:59,0
DA:61,0
DA:70,0
DA:71,0
DA:72,0
DA:74,0
DA:77,0
DA:78,0
DA:82,0
DA:89,0
DA:90,0
DA:99,0
DA:100,0
DA:101,0
DA:103,0
DA:104,0
DA:108,0
DA:114,0
DA:115,0
DA:119,0
DA:120,0
DA:122,0
DA:128,0
DA:134,0
DA:135,0
DA:137,0
DA:142,0
DA:143,0
DA:144,0
DA:146,0
DA:147,0
DA:150,0
DA:151,0
DA:155,0
DA:156,0
DA:159,0
LF:52
LH:0
BRDA:39,0,0,0
BRDA:39,0,1,0
BRDA:70,1,0,0
BRDA:70,1,1,0
BRDA:115,2,0,0
BRDA:115,2,1,0
BRDA:142,3,0,0
BRDA:142,3,1,0
BRDA:155,4,0,0
BRF:9
BRH:0
end_of_record
TN:
SF:src/config/constants.ts
FNF:0
FNH:0
DA:1,0
DA:6,0
LF:2
LH:0
BRDA:2,0,0,0
BRDA:2,0,1,0
BRDA:6,1,0,0
BRDA:6,1,1,0
BRF:4
BRH:0
end_of_record
TN:
SF:src/config/index.ts
FN:238,(anonymous_1)
FN:242,(anonymous_2)
FN:250,(anonymous_3)
FNF:3
FNH:0
FNDA:0,(anonymous_1)
FNDA:0,(anonymous_2)
FNDA:0,(anonymous_3)
DA:1,2
DA:2,2
DA:5,2
DA:8,2
DA:16,2
DA:28,2
DA:148,2
DA:230,2
DA:238,2
DA:239,0
DA:242,2
DA:243,0
DA:244,0
DA:246,0
DA:250,2
DA:251,0
DA:254,2
LF:17
LH:12
BRDA:149,0,0,2
BRDA:149,0,1,0
BRDA:150,1,0,2
BRDA:150,1,1,0
BRDA:153,2,0,2
BRDA:153,2,1,2
BRDA:154,3,0,2
BRDA:154,3,1,2
BRDA:158,4,0,2
BRDA:158,4,1,0
BRDA:160,5,0,2
BRDA:160,5,1,2
BRDA:165,6,0,2
BRDA:165,6,1,0
BRDA:166,7,0,2
BRDA:166,7,1,2
BRDA:171,8,0,2
BRDA:171,8,1,0
BRDA:172,9,0,2
BRDA:172,9,1,2
BRDA:173,10,0,2
BRDA:173,10,1,2
BRDA:181,11,0,2
BRDA:181,11,1,2
BRDA:182,12,0,2
BRDA:182,12,1,2
BRDA:183,13,0,2
BRDA:183,13,1,2
BRDA:189,14,0,2
BRDA:189,14,1,2
BRDA:195,15,0,2
BRDA:195,15,1,2
BRDA:196,16,0,2
BRDA:196,16,1,2
BRDA:217,17,0,2
BRDA:217,17,1,0
BRDA:223,18,0,2
BRDA:223,18,1,0
BRDA:224,19,0,2
BRDA:224,19,1,0
BRDA:239,20,0,0
BRDA:239,20,1,0
BRDA:244,21,0,0
BRDA:246,22,0,0
BRDA:246,22,1,0
BRDA:251,23,0,0
BRDA:251,23,1,0
BRF:47
BRH:32
end_of_record
TN:
SF:src/integrations/openai-agents-sdk.ts
FN:89,(anonymous_1)
FN:114,(anonymous_2)
FN:124,(anonymous_3)
FN:195,(anonymous_4)
FN:217,(anonymous_5)
FN:238,(anonymous_6)
FN:303,(anonymous_7)
FN:333,(anonymous_8)
FN:355,(anonymous_9)
FN:425,(anonymous_10)
FN:435,(anonymous_11)
FN:453,(anonymous_12)
FN:454,(anonymous_13)
FN:466,(anonymous_14)
FN:514,(anonymous_15)
FN:525,(anonymous_16)
FN:526,(anonymous_17)
FN:547,(anonymous_18)
FNF:18
FNH:0
FNDA:0,(anonymous_1)
FNDA:0,(anonymous_2)
FNDA:0,(anonymous_3)
FNDA:0,(anonymous_4)
FNDA:0,(anonymous_5)
FNDA:0,(anonymous_6)
FNDA:0,(anonymous_7)
FNDA:0,(anonymous_8)
FNDA:0,(anonymous_9)
FNDA:0,(anonymous_10)
FNDA:0,(anonymous_11)
FNDA:0,(anonymous_12)
FNDA:0,(anonymous_13)
FNDA:0,(anonymous_14)
FNDA:0,(anonymous_15)
FNDA:0,(anonymous_16)
FNDA:0,(anonymous_17)
FNDA:0,(anonymous_18)
DA:8,0
DA:9,0
DA:10,0
DA:84,0
DA:97,0
DA:102,0
DA:103,0
DA:115,0
DA:117,0
DA:123,0
DA:124,0
DA:128,0
DA:129,0
DA:130,0
DA:136,0
DA:140,0
DA:154,0
DA:167,0
DA:179,0
DA:188,0
DA:196,0
DA:204,0
DA:211,0
DA:227,0
DA:229,0
DA:235,0
DA:237,0
DA:238,0
DA:242,0
DA:243,0
DA:244,0
DA:250,0
DA:254,0
DA:265,0
DA:279,0
DA:286,0
DA:296,0
DA:316,0
DA:317,0
DA:320,0
DA:321,0
DA:322,0
DA:324,0
DA:325,0
DA:330,0
DA:332,0
DA:333,0
DA:336,0
DA:337,0
DA:342,0
DA:346,0
DA:347,0
DA:352,0
DA:354,0
DA:355,0
DA:358,0
DA:359,0
DA:364,0
DA:369,0
DA:383,0
DA:396,0
DA:408,0
DA:418,0
DA:430,0
DA:432,0
DA:434,0
DA:435,0
DA:436,0
DA:440,0
DA:442,0
DA:444,0
DA:449,0
DA:450,0
DA:451,0
DA:452,0
DA:453,0
DA:454,0
DA:457,0
DA:463,0
DA:465,0
DA:466,0
DA:472,0
DA:485,0
DA:497,0
DA:507,0
DA:522,0
DA:524,0
DA:525,0
DA:526,0
DA:537,0
DA:548,0
DA:549,0
DA:551,0
DA:558,0
DA:560,0
DA:569,0
DA:575,0
LF:97
LH:0
BRDA:91,0,0,0
BRDA:102,1,0,0
BRDA:102,1,1,0
BRDA:103,2,0,0
BRDA:103,2,1,0
BRDA:123,3,0,0
BRDA:123,4,0,0
BRDA:123,4,1,0
BRDA:129,5,0,0
BRDA:129,6,0,0
BRDA:129,6,1,0
BRDA:132,7,0,0
BRDA:132,7,1,0
BRDA:145,8,0,0
BRDA:145,8,1,0
BRDA:148,9,0,0
BRDA:148,9,1,0
BRDA:161,10,0,0
BRDA:161,10,1,0
BRDA:171,11,0,0
BRDA:171,11,1,0
BRDA:172,12,0,0
BRDA:172,12,1,0
BRDA:185,13,0,0
BRDA:185,13,1,0
BRDA:220,14,0,0
BRDA:221,15,0,0
BRDA:235,16,0,0
BRDA:235,16,1,0
BRDA:237,17,0,0
BRDA:237,18,0,0
BRDA:237,18,1,0
BRDA:243,19,0,0
BRDA:243,20,0,0
BRDA:243,20,1,0
BRDA:293,21,0,0
BRDA:293,21,1,0
BRDA:306,22,0,0
BRDA:317,23,0,0
BRDA:317,23,1,0
BRDA:324,24,0,0
BRDA:332,25,0,0
BRDA:332,26,0,0
BRDA:332,26,1,0
BRDA:336,27,0,0
BRDA:346,28,0,0
BRDA:354,29,0,0
BRDA:354,30,0,0
BRDA:354,30,1,0
BRDA:358,31,0,0
BRDA:401,32,0,0
BRDA:401,32,1,0
BRDA:402,33,0,0
BRDA:402,33,1,0
BRDA:415,34,0,0
BRDA:415,34,1,0
BRDA:434,35,0,0
BRDA:434,35,1,0
BRDA:442,36,0,0
BRDA:449,37,0,0
BRDA:451,38,0,0
BRDA:465,39,0,0
BRDA:489,40,0,0
BRDA:489,40,1,0
BRDA:504,41,0,0
BRDA:504,41,1,0
BRDA:515,42,0,0
BRDA:530,43,0,0
BRDA:530,43,1,0
BRDA:533,44,0,0
BRDA:533,44,1,0
BRDA:566,45,0,0
BRDA:566,45,1,0
BRDA:576,46,0,0
BRDA:576,46,1,0
BRF:75
BRH:0
end_of_record
TN:
SF:src/middleware/validation.ts
FN:6,(anonymous_0)
FN:12,(anonymous_1)
FN:18,validateBody
FN:19,(anonymous_3)
FN:33,validateQuery
FN:34,(anonymous_5)
FN:48,validateParams
FN:49,(anonymous_7)
FNF:8
FNH:0
FNDA:0,(anonymous_0)
FNDA:0,(anonymous_1)
FNDA:0,validateBody
FNDA:0,(anonymous_3)
FNDA:0,validateQuery
FNDA:0,(anonymous_5)
FNDA:0,validateParams
FNDA:0,(anonymous_7)
DA:2,0
DA:5,0
DA:6,0
DA:13,0
DA:14,0
DA:18,0
DA:19,0
DA:20,0
DA:21,0
DA:22,0
DA:24,0
DA:25,0
DA:26,0
DA:28,0
DA:33,0
DA:34,0
DA:35,0
DA:36,0
DA:37,0
DA:39,0
DA:40,0
DA:41,0
DA:43,0
DA:48,0
DA:49,0
DA:50,0
DA:51,0
DA:52,0
DA:54,0
DA:55,0
DA:56,0
DA:58,0
LF:32
LH:0
BRDA:24,0,0,0
BRDA:39,1,0,0
BRDA:54,2,0,0
BRF:3
BRH:0
end_of_record
TN:
SF:src/models/database.ts
FN:8,(anonymous_0)
FN:16,(anonymous_1)
FN:21,(anonymous_2)
FN:31,(anonymous_3)
FN:46,(anonymous_4)
FN:54,initializeDatabase
FNF:6
FNH:1
FNDA:1,(anonymous_0)
FNDA:0,(anonymous_1)
FNDA:0,(anonymous_2)
FNDA:0,(anonymous_3)
FNDA:0,(anonymous_4)
FNDA:0,initializeDatabase
DA:1,1
DA:2,1
DA:3,1
DA:9,1
DA:16,1
DA:17,0
DA:22,0
DA:23,0
DA:24,0
DA:25,0
DA:27,0
DA:32,0
DA:33,0
DA:34,0
DA:35,0
DA:36,0
DA:37,0
DA:39,0
DA:40,0
DA:42,0
DA:47,0
DA:51,1
DA:54,1
DA:55,0
DA:56,0
DA:70,0
DA:84,0
DA:94,0
DA:111,0
DA:126,0
DA:127,0
DA:128,0
DA:129,0
DA:130,0
DA:131,0
DA:132,0
DA:133,0
DA:134,0
DA:135,0
DA:137,0
DA:139,0
DA:140,0
LF:42
LH:7
BRF:0
BRH:0
end_of_record
TN:
SF:src/models/schemas.ts
FN:5,(anonymous_0)
FN:5,(anonymous_1)
FN:5,(anonymous_2)
FNF:3
FNH:0
FNDA:0,(anonymous_0)
FNDA:0,(anonymous_1)
FNDA:0,(anonymous_2)
DA:1,1
DA:2,1
DA:5,1
DA:8,1
DA:23,1
DA:53,1
DA:62,1
DA:71,1
DA:85,1
DA:93,1
DA:103,1
DA:108,1
DA:114,1
DA:121,1
DA:133,1
DA:147,1
LF:16
LH:16
BRF:0
BRH:0
end_of_record
TN:
SF:src/models/types.ts
FN:23,(anonymous_0)
FN:106,(anonymous_1)
FN:118,(anonymous_2)
FN:166,(anonymous_3)
FNF:4
FNH:4
FNDA:3,(anonymous_0)
FNDA:3,(anonymous_1)
FNDA:3,(anonymous_2)
FNDA:3,(anonymous_3)
DA:23,3
DA:24,3
DA:25,3
DA:26,3
DA:27,3
DA:28,3
DA:29,3
DA:30,3
DA:31,3
DA:32,3
DA:33,3
DA:34,3
DA:106,3
DA:107,3
DA:108,3
DA:109,3
DA:110,3
DA:118,3
DA:119,3
DA:120,3
DA:121,3
DA:166,3
DA:167,3
DA:168,3
DA:169,3
DA:170,3
DA:171,3
DA:172,3
LF:28
LH:28
BRDA:23,0,0,3
BRDA:23,0,1,3
BRDA:106,1,0,3
BRDA:106,1,1,3
BRDA:118,2,0,3
BRDA:118,2,1,3
BRDA:166,3,0,3
BRDA:166,3,1,3
BRF:8
BRH:8
end_of_record
TN:
SF:src/safety/analyzer.ts
FN:12,(anonymous_0)
FN:17,(anonymous_1)
FN:58,(anonymous_2)
FN:115,(anonymous_3)
FN:139,(anonymous_4)
FN:159,(anonymous_5)
FN:180,(anonymous_6)
FN:192,(anonymous_7)
FNF:8
FNH:7
FNDA:4,(anonymous_0)
FNDA:4,(anonymous_1)
FNDA:4,(anonymous_2)
FNDA:20,(anonymous_3)
FNDA:3,(anonymous_4)
FNDA:0,(anonymous_5)
FNDA:4,(anonymous_6)
FNDA:3,(anonymous_7)
DA:1,1
DA:2,1
DA:4,1
DA:13,4
DA:14,4
DA:18,4
DA:26,4
DA:34,4
DA:42,4
DA:49,4
DA:59,4
DA:61,4
DA:62,0
DA:63,0
DA:66,4
DA:68,4
DA:69,4
DA:72,4
DA:73,4
DA:76,4
DA:77,4
DA:80,4
DA:81,4
DA:84,4
DA:85,4
DA:88,4
DA:89,4
DA:92,4
DA:93,0
DA:96,4
DA:107,4
DA:108,4
DA:110,0
DA:111,0
DA:121,20
DA:123,20
DA:124,96
DA:125,96
DA:126,3
DA:136,20
DA:140,3
DA:154,3
DA:155,3
DA:156,3
DA:160,0
DA:163,0
DA:168,0
DA:169,0
DA:170,0
DA:171,0
DA:172,0
DA:173,0
DA:174,0
DA:181,4
DA:182,1
DA:185,3
DA:192,3
DA:193,3
DA:194,3
DA:197,3
LF:60
LH:46
BRDA:59,0,0,4
BRDA:59,0,1,4
BRDA:61,1,0,0
BRDA:92,2,0,0
BRDA:125,3,0,3
BRDA:154,4,0,3
BRDA:154,4,1,0
BRDA:163,5,0,0
BRDA:163,6,0,0
BRDA:163,6,1,0
BRDA:163,6,2,0
BRDA:163,6,3,0
BRDA:169,7,0,0
BRDA:169,7,1,0
BRDA:172,8,0,0
BRDA:181,9,0,1
BRDA:193,10,0,3
BRDA:193,10,1,0
BRF:18
BRH:6
end_of_record
TN:
SF:src/safety/constitutional.ts
FN:50,(anonymous_0)
FN:54,(anonymous_1)
FN:95,(anonymous_2)
FN:118,(anonymous_3)
FN:150,(anonymous_4)
FN:175,(anonymous_5)
FN:179,(anonymous_6)
FN:218,(anonymous_7)
FN:219,(anonymous_8)
FN:229,(anonymous_9)
FN:233,(anonymous_10)
FN:234,(anonymous_11)
FN:242,(anonymous_12)
FNF:13
FNH:0
FNDA:0,(anonymous_0)
FNDA:0,(anonymous_1)
FNDA:0,(anonymous_2)
FNDA:0,(anonymous_3)
FNDA:0,(anonymous_4)
FNDA:0,(anonymous_5)
FNDA:0,(anonymous_6)
FNDA:0,(anonymous_7)
FNDA:0,(anonymous_8)
FNDA:0,(anonymous_9)
FNDA:0,(anonymous_10)
FNDA:0,(anonymous_11)
FNDA:0,(anonymous_12)
DA:12,0
DA:47,0
DA:51,0
DA:63,0
DA:66,0
DA:85,0
DA:86,0
DA:87,0
DA:95,0
DA:97,0
DA:98,0
DA:110,0
DA:122,0
DA:125,0
DA:140,0
DA:141,0
DA:142,0
DA:143,0
DA:147,0
DA:162,0
DA:164,0
DA:165,0
DA:171,0
DA:174,0
DA:175,0
DA:179,0
DA:180,0
DA:181,0
DA:184,0
DA:185,0
DA:187,0
DA:188,0
DA:190,0
DA:197,0
DA:198,0
DA:199,0
DA:201,0
DA:202,0
DA:203,0
DA:209,0
DA:210,0
DA:214,0
DA:218,0
DA:219,0
DA:230,0
DA:234,0
DA:235,0
DA:236,0
DA:237,0
DA:239,0
DA:243,0
LF:51
LH:0
BRDA:50,0,0,0
BRDA:86,1,0,0
BRDA:97,2,0,0
BRDA:141,3,0,0
BRDA:152,4,0,0
BRDA:160,5,0,0
BRDA:174,6,0,0
BRDA:174,6,1,0
BRDA:197,7,0,0
BRDA:201,8,0,0
BRDA:209,9,0,0
BRDA:222,10,0,0
BRDA:222,10,1,0
BRDA:223,11,0,0
BRDA:223,11,1,0
BRDA:223,12,0,0
BRDA:223,12,1,0
BRDA:235,13,0,0
BRF:18
BRH:0
end_of_record
TN:
SF:src/safety/rust_bridge.ts
FN:7,(anonymous_0)
FN:13,(anonymous_1)
FN:18,(anonymous_2)
FN:23,(anonymous_3)
FN:74,(anonymous_4)
FN:87,(anonymous_5)
FN:91,(anonymous_6)
FNF:7
FNH:0
FNDA:0,(anonymous_0)
FNDA:0,(anonymous_1)
FNDA:0,(anonymous_2)
FNDA:0,(anonymous_3)
FNDA:0,(anonymous_4)
FNDA:0,(anonymous_5)
FNDA:0,(anonymous_6)
DA:4,0
DA:5,0
DA:9,0
DA:10,0
DA:15,0
DA:20,0
DA:25,0
DA:26,0
DA:28,0
DA:29,0
DA:32,0
DA:33,0
DA:34,0
DA:46,0
DA:47,0
DA:48,0
DA:59,0
DA:61,0
DA:75,0
DA:88,0
DA:92,0
DA:96,0
LF:22
LH:0
BRDA:33,0,0,0
BRDA:47,1,0,0
BRDA:59,2,0,0
BRDA:59,2,1,0
BRF:4
BRH:0
end_of_record
TN:
SF:src/services/RealtimeService.ts
FN:52,(anonymous_1)
FN:59,(anonymous_2)
FN:76,(anonymous_3)
FN:77,(anonymous_4)
FN:84,(anonymous_5)
FN:94,(anonymous_6)
FN:97,(anonymous_7)
FN:106,(anonymous_8)
FN:112,(anonymous_9)
FN:121,(anonymous_10)
FN:158,(anonymous_11)
FN:190,(anonymous_12)
FN:200,(anonymous_13)
FN:209,(anonymous_14)
FN:232,(anonymous_15)
FN:240,(anonymous_16)
FN:268,(anonymous_17)
FN:278,(anonymous_18)
FN:279,(anonymous_19)
FN:292,(anonymous_20)
FN:304,(anonymous_21)
FN:312,(anonymous_22)
FN:319,(anonymous_23)
FN:329,(anonymous_24)
FN:336,(anonymous_25)
FN:343,(anonymous_26)
FN:350,(anonymous_27)
FN:382,(anonymous_28)
FN:390,(anonymous_29)
FN:401,(anonymous_30)
FN:416,(anonymous_31)
FN:429,(anonymous_32)
FN:436,(anonymous_33)
FN:443,(anonymous_34)
FN:450,(anonymous_35)
FN:457,(anonymous_36)
FNF:36
FNH:0
FNDA:0,(anonymous_1)
FNDA:0,(anonymous_2)
FNDA:0,(anonymous_3)
FNDA:0,(anonymous_4)
FNDA:0,(anonymous_5)
FNDA:0,(anonymous_6)
FNDA:0,(anonymous_7)
FNDA:0,(anonymous_8)
FNDA:0,(anonymous_9)
FNDA:0,(anonymous_10)
FNDA:0,(anonymous_11)
FNDA:0,(anonymous_12)
FNDA:0,(anonymous_13)
FNDA:0,(anonymous_14)
FNDA:0,(anonymous_15)
FNDA:0,(anonymous_16)
FNDA:0,(anonymous_17)
FNDA:0,(anonymous_18)
FNDA:0,(anonymous_19)
FNDA:0,(anonymous_20)
FNDA:0,(anonymous_21)
FNDA:0,(anonymous_22)
FNDA:0,(anonymous_23)
FNDA:0,(anonymous_24)
FNDA:0,(anonymous_25)
FNDA:0,(anonymous_26)
FNDA:0,(anonymous_27)
FNDA:0,(anonymous_28)
FNDA:0,(anonymous_29)
FNDA:0,(anonymous_30)
FNDA:0,(anonymous_31)
FNDA:0,(anonymous_32)
FNDA:0,(anonymous_33)
FNDA:0,(anonymous_34)
FNDA:0,(anonymous_35)
FNDA:0,(anonymous_36)
DA:1,0
DA:2,0
DA:3,0
DA:4,0
DA:42,0
DA:43,0
DA:44,0
DA:45,0
DA:46,0
DA:47,0
DA:48,0
DA:49,0
DA:50,0
DA:53,0
DA:60,0
DA:61,0
DA:62,0
DA:65,0
DA:67,0
DA:74,0
DA:76,0
DA:77,0
DA:78,0
DA:79,0
DA:80,0
DA:81,0
DA:84,0
DA:85,0
DA:86,0
DA:95,0
DA:97,0
DA:98,0
DA:99,0
DA:100,0
DA:102,0
DA:106,0
DA:107,0
DA:108,0
DA:109,0
DA:112,0
DA:113,0
DA:114,0
DA:122,0
DA:123,0
DA:125,0
DA:127,0
DA:128,0
DA:130,0
DA:131,0
DA:133,0
DA:134,0
DA:136,0
DA:137,0
DA:139,0
DA:140,0
DA:142,0
DA:143,0
DA:145,0
DA:146,0
DA:148,0
DA:149,0
DA:151,0
DA:159,0
DA:180,0
DA:181,0
DA:191,0
DA:201,0
DA:210,0
DA:224,0
DA:233,0
DA:234,0
DA:241,0
DA:242,0
DA:243,0
DA:246,0
DA:253,0
DA:254,0
DA:257,0
DA:262,0
DA:269,0
DA:272,0
DA:273,0
DA:274,0
DA:278,0
DA:279,0
DA:280,0
DA:281,0
DA:283,0
DA:293,0
DA:294,0
DA:297,0
DA:298,0
DA:305,0
DA:306,0
DA:313,0
DA:320,0
DA:321,0
DA:322,0
DA:330,0
DA:337,0
DA:344,0
DA:351,0
DA:353,0
DA:354,0
DA:356,0
DA:365,0
DA:366,0
DA:368,0
DA:383,0
DA:384,0
DA:391,0
DA:392,0
DA:393,0
DA:396,0
DA:397,0
DA:399,0
DA:401,0
DA:402,0
DA:403,0
DA:404,0
DA:405,0
DA:408,0
DA:417,0
DA:418,0
DA:419,0
DA:420,0
DA:421,0
DA:422,0
DA:430,0
DA:437,0
DA:444,0
DA:451,0
DA:458,0
DA:462,0
LF:134
LH:0
BRDA:61,0,0,0
BRDA:95,1,0,0
BRDA:125,2,0,0
BRDA:125,2,1,0
BRDA:125,2,2,0
BRDA:125,2,3,0
BRDA:125,2,4,0
BRDA:125,2,5,0
BRDA:125,2,6,0
BRDA:125,2,7,0
BRDA:125,2,8,0
BRDA:160,3,0,0
BRDA:160,3,1,0
BRDA:161,4,0,0
BRDA:161,4,1,0
BRDA:162,5,0,0
BRDA:162,5,1,0
BRDA:163,6,0,0
BRDA:163,6,1,0
BRDA:164,7,0,0
BRDA:164,7,1,0
BRDA:165,8,0,0
BRDA:165,8,1,0
BRDA:166,9,0,0
BRDA:166,9,1,0
BRDA:167,10,0,0
BRDA:167,10,1,0
BRDA:168,11,0,0
BRDA:168,11,1,0
BRDA:174,12,0,0
BRDA:174,12,1,0
BRDA:175,13,0,0
BRDA:175,13,1,0
BRDA:176,14,0,0
BRDA:176,14,1,0
BRDA:177,15,0,0
BRDA:177,15,1,0
BRDA:209,16,0,0
BRDA:242,17,0,0
BRDA:247,18,0,0
BRDA:247,18,1,0
BRDA:249,19,0,0
BRDA:249,19,1,0
BRDA:259,20,0,0
BRDA:259,20,1,0
BRDA:272,21,0,0
BRDA:280,22,0,0
BRDA:280,22,1,0
BRDA:293,23,0,0
BRDA:293,24,0,0
BRDA:293,24,1,0
BRDA:320,25,0,0
BRDA:354,26,0,0
BRDA:354,26,1,0
BRDA:365,27,0,0
BRDA:365,27,1,0
BRDA:384,28,0,0
BRDA:384,28,1,0
BRDA:391,29,0,0
BRDA:404,30,0,0
BRDA:417,31,0,0
BRF:61
BRH:0
end_of_record
TN:
SF:src/services/audit.service.ts
FN:8,(anonymous_0)
FN:31,(anonymous_1)
FNF:2
FNH:0
FNDA:0,(anonymous_0)
FNDA:0,(anonymous_1)
DA:1,1
DA:2,1
DA:7,1
DA:9,0
DA:10,0
DA:26,0
DA:40,0
DA:41,0
DA:43,0
DA:44,0
DA:45,0
DA:47,0
DA:48,0
DA:49,0
DA:51,0
DA:52,0
DA:53,0
DA:55,0
DA:56,0
DA:57,0
DA:59,0
DA:60,0
DA:61,0
DA:63,0
DA:64,0
DA:65,0
DA:68,0
DA:70,0
DA:76,0
DA:78,0
DA:79,0
DA:81,0
DA:86,0
DA:88,0
DA:96,1
LF:35
LH:4
BRDA:19,0,0,0
BRDA:19,0,1,0
BRDA:33,1,0,0
BRDA:34,2,0,0
BRDA:47,3,0,0
BRDA:51,4,0,0
BRDA:55,5,0,0
BRDA:59,6,0,0
BRDA:63,7,0,0
BRDA:68,8,0,0
BRDA:68,8,1,0
BRF:11
BRH:0
end_of_record
TN:
SF:src/services/index.ts
FN:5,initializeServices
FNF:1
FNH:0
FNDA:0,initializeServices
DA:1,0
DA:2,0
DA:3,0
DA:5,0
DA:6,0
DA:7,0
DA:10,0
DA:16,0
DA:18,0
DA:20,0
DA:21,0
LF:11
LH:0
BRDA:12,0,0,0
BRDA:12,0,1,0
BRF:2
BRH:0
end_of_record
TN:
SF:src/services/monitoring.service.ts
FN:7,(anonymous_0)
FN:8,(anonymous_1)
FN:9,(anonymous_2)
FN:25,(anonymous_3)
FN:32,(anonymous_4)
FN:34,(anonymous_5)
FN:46,(anonymous_6)
FN:55,(anonymous_7)
FN:63,(anonymous_8)
FN:68,(anonymous_9)
FN:83,(anonymous_10)
FN:88,(anonymous_11)
FN:92,(anonymous_12)
FN:95,(anonymous_13)
FN:101,(anonymous_14)
FN:110,(anonymous_15)
FN:122,(anonymous_16)
FN:123,(anonymous_17)
FN:141,(anonymous_18)
FN:158,(anonymous_19)
FNF:20
FNH:0
FNDA:0,(anonymous_0)
FNDA:0,(anonymous_1)
FNDA:0,(anonymous_2)
FNDA:0,(anonymous_3)
FNDA:0,(anonymous_4)
FNDA:0,(anonymous_5)
FNDA:0,(anonymous_6)
FNDA:0,(anonymous_7)
FNDA:0,(anonymous_8)
FNDA:0,(anonymous_9)
FNDA:0,(anonymous_10)
FNDA:0,(anonymous_11)
FNDA:0,(anonymous_12)
FNDA:0,(anonymous_13)
FNDA:0,(anonymous_14)
FNDA:0,(anonymous_15)
FNDA:0,(anonymous_16)
FNDA:0,(anonymous_17)
FNDA:0,(anonymous_18)
FNDA:0,(anonymous_19)
DA:1,0
DA:2,0
DA:3,0
DA:6,0
DA:7,0
DA:8,0
DA:9,0
DA:13,0
DA:21,0
DA:26,0
DA:27,0
DA:28,0
DA:29,0
DA:34,0
DA:35,0
DA:40,0
DA:41,0
DA:46,0
DA:47,0
DA:55,0
DA:56,0
DA:63,0
DA:64,0
DA:69,0
DA:76,0
DA:77,0
DA:80,0
DA:85,0
DA:89,0
DA:93,0
DA:94,0
DA:95,0
DA:97,0
DA:102,0
DA:104,0
DA:110,0
DA:112,0
DA:114,0
DA:116,0
DA:117,0
DA:123,0
DA:124,0
DA:127,0
DA:141,0
DA:142,0
DA:143,0
DA:145,0
DA:148,0
DA:149,0
DA:159,0
DA:160,0
DA:161,0
DA:167,0
LF:53
LH:0
BRDA:14,0,0,0
BRDA:14,0,1,0
BRDA:40,1,0,0
BRDA:64,2,0,0
BRDA:64,2,1,0
BRDA:94,3,0,0
BRDA:107,4,0,0
BRDA:107,4,1,0
BRDA:142,5,0,0
BRDA:142,5,1,0
BRDA:143,6,0,0
BRDA:143,6,1,0
BRDA:144,7,0,0
BRDA:144,7,1,0
BRDA:148,8,0,0
BRDA:160,9,0,0
BRF:16
BRH:0
end_of_record
TN:
SF:src/services/openai.service.ts
FN:9,(anonymous_1)
FN:10,(anonymous_2)
FN:16,(anonymous_3)
FN:24,(anonymous_4)
FN:34,(anonymous_5)
FN:46,(anonymous_6)
FN:54,(anonymous_7)
FN:67,(anonymous_8)
FN:76,(anonymous_9)
FN:181,(anonymous_10)
FN:205,(anonymous_11)
FNF:11
FNH:0
FNDA:0,(anonymous_1)
FNDA:0,(anonymous_2)
FNDA:0,(anonymous_3)
FNDA:0,(anonymous_4)
FNDA:0,(anonymous_5)
FNDA:0,(anonymous_6)
FNDA:0,(anonymous_7)
FNDA:0,(anonymous_8)
FNDA:0,(anonymous_9)
FNDA:0,(anonymous_10)
FNDA:0,(anonymous_11)
DA:1,0
DA:2,0
DA:8,0
DA:9,0
DA:10,0
DA:17,0
DA:18,0
DA:23,0
DA:24,0
DA:34,0
DA:45,0
DA:47,0
DA:51,0
DA:55,0
DA:56,0
DA:57,0
DA:60,0
DA:71,0
DA:72,0
DA:74,0
DA:76,0
DA:77,0
DA:85,0
DA:86,0
DA:90,0
DA:91,0
DA:97,0
DA:100,0
DA:101,0
DA:104,0
DA:107,0
DA:115,0
DA:116,0
DA:118,0
DA:119,0
DA:124,0
DA:129,0
DA:131,0
DA:132,0
DA:137,0
DA:138,0
DA:141,0
DA:142,0
DA:153,0
DA:164,0
DA:165,0
DA:166,0
DA:176,0
DA:177,0
DA:188,0
DA:190,0
DA:191,0
DA:194,0
DA:195,0
DA:196,0
DA:202,0
DA:205,0
DA:208,0
DA:210,0
DA:221,0
DA:222,0
DA:224,0
DA:236,0
LF:63
LH:0
BRDA:56,0,0,0
BRDA:85,1,0,0
BRDA:85,2,0,0
BRDA:85,2,1,0
BRDA:100,3,0,0
BRDA:100,4,0,0
BRDA:100,4,1,0
BRDA:104,5,0,0
BRDA:104,5,1,0
BRDA:118,6,0,0
BRDA:118,7,0,0
BRDA:118,7,1,0
BRDA:131,8,0,0
BRDA:131,9,0,0
BRDA:131,9,1,0
BRDA:137,10,0,0
BRDA:176,11,0,0
BRDA:191,12,0,0
BRDA:191,12,1,0
BRDA:199,13,0,0
BRDA:199,13,1,0
BRDA:222,14,0,0
BRDA:222,14,1,0
BRF:23
BRH:0
end_of_record
TN:
SF:src/services/policy.service.ts
FN:7,(anonymous_0)
FN:15,(anonymous_1)
FN:46,(anonymous_2)
FN:51,(anonymous_3)
FN:93,(anonymous_4)
FN:116,(anonymous_5)
FN:120,(anonymous_6)
FN:125,(anonymous_7)
FN:136,(anonymous_8)
FN:160,(anonymous_9)
FNF:10
FNH:10
FNDA:2,(anonymous_0)
FNDA:17,(anonymous_1)
FNDA:16,(anonymous_2)
FNDA:16,(anonymous_3)
FNDA:15,(anonymous_4)
FNDA:5,(anonymous_5)
FNDA:3,(anonymous_6)
FNDA:3,(anonymous_7)
FNDA:2,(anonymous_8)
FNDA:2,(anonymous_9)
DA:1,1
DA:2,1
DA:8,2
DA:9,2
DA:14,1
DA:16,17
DA:43,1
DA:44,16
DA:48,16
DA:52,16
DA:90,16
DA:94,15
DA:105,15
DA:107,15
DA:113,15
DA:117,5
DA:121,3
DA:122,3
DA:126,3
DA:127,3
DA:128,3
DA:130,3
DA:137,2
DA:138,2
DA:139,1
DA:142,1
DA:149,1
DA:151,1
DA:157,1
DA:161,2
DA:162,1
DA:165,1
DA:167,1
DA:175,1
LF:34
LH:34
BRDA:99,0,0,15
BRDA:99,0,1,1
BRDA:100,1,0,15
BRDA:100,1,1,0
BRDA:117,2,0,5
BRDA:117,2,1,2
BRDA:122,3,0,1
BRDA:122,3,1,2
BRDA:122,4,0,3
BRDA:122,4,1,2
BRDA:125,5,0,0
BRDA:125,6,0,0
BRDA:138,7,0,1
BRDA:161,8,0,1
BRF:14
BRH:11
end_of_record
TN:
SF:src/services/research.service.ts
FN:7,(anonymous_0)
FN:16,(anonymous_1)
FN:20,(anonymous_2)
FN:39,(anonymous_3)
FN:43,(anonymous_4)
FN:47,(anonymous_5)
FN:53,(anonymous_6)
FN:78,(anonymous_7)
FN:89,(anonymous_8)
FN:91,(anonymous_9)
FNF:10
FNH:0
FNDA:0,(anonymous_0)
FNDA:0,(anonymous_1)
FNDA:0,(anonymous_2)
FNDA:0,(anonymous_3)
FNDA:0,(anonymous_4)
FNDA:0,(anonymous_5)
FNDA:0,(anonymous_6)
FNDA:0,(anonymous_7)
FNDA:0,(anonymous_8)
FNDA:0,(anonymous_9)
DA:1,0
DA:8,0
DA:9,0
DA:13,0
DA:17,0
DA:25,0
DA:35,0
DA:36,0
DA:40,0
DA:44,0
DA:46,0
DA:47,0
DA:50,0
DA:54,0
DA:55,0
DA:56,0
DA:59,0
DA:60,0
DA:62,0
DA:64,0
DA:66,0
DA:67,0
DA:68,0
DA:70,0
DA:72,0
DA:73,0
DA:74,0
DA:79,0
DA:86,0
DA:91,0
DA:93,0
DA:111,0
LF:32
LH:0
BRDA:29,0,0,0
BRDA:29,0,1,0
BRDA:40,1,0,0
BRDA:40,1,1,0
BRDA:46,2,0,0
BRDA:55,3,0,0
BRDA:86,4,0,0
BRDA:86,4,1,0
BRF:8
BRH:0
end_of_record
TN:
SF:src/services/safety.service.ts
FN:5,(anonymous_0)
FN:6,(anonymous_1)
FN:7,(anonymous_2)
FN:13,(anonymous_3)
FN:21,(anonymous_4)
FN:38,(anonymous_5)
FN:41,(anonymous_6)
FN:54,(anonymous_7)
FN:65,(anonymous_8)
FN:98,(anonymous_9)
FNF:10
FNH:0
FNDA:0,(anonymous_0)
FNDA:0,(anonymous_1)
FNDA:0,(anonymous_2)
FNDA:0,(anonymous_3)
FNDA:0,(anonymous_4)
FNDA:0,(anonymous_5)
FNDA:0,(anonymous_6)
FNDA:0,(anonymous_7)
FNDA:0,(anonymous_8)
FNDA:0,(anonymous_9)
DA:4,0
DA:5,0
DA:6,0
DA:7,0
DA:14,0
DA:15,0
DA:20,0
DA:22,0
DA:34,0
DA:40,0
DA:41,0
DA:53,0
DA:54,0
DA:76,0
DA:77,0
DA:78,0
DA:80,0
DA:91,0
DA:93,0
DA:94,0
DA:106,0
DA:108,0
DA:109,0
DA:114,0
DA:124,0
DA:126,0
DA:127,0
DA:132,0
LF:28
LH:0
BRDA:85,0,0,0
BRDA:85,0,1,0
BRDA:106,1,0,0
BRF:3
BRH:0
end_of_record
TN:
SF:src/services/user.service.ts
FN:9,(anonymous_1)
FN:10,(anonymous_2)
FN:11,(anonymous_3)
FN:17,(anonymous_4)
FN:39,(anonymous_5)
FN:78,(anonymous_6)
FN:115,(anonymous_7)
FN:129,(anonymous_8)
FN:182,(anonymous_9)
FN:198,(anonymous_10)
FN:212,(anonymous_11)
FN:225,(anonymous_12)
FN:253,(anonymous_13)
FN:275,(anonymous_14)
FNF:14
FNH:6
FNDA:3,(anonymous_1)
FNDA:3,(anonymous_2)
FNDA:0,(anonymous_3)
FNDA:3,(anonymous_4)
FNDA:2,(anonymous_5)
FNDA:3,(anonymous_6)
FNDA:0,(anonymous_7)
FNDA:0,(anonymous_8)
FNDA:0,(anonymous_9)
FNDA:0,(anonymous_10)
FNDA:0,(anonymous_11)
FNDA:1,(anonymous_12)
FNDA:0,(anonymous_13)
FNDA:0,(anonymous_14)
DA:1,1
DA:2,1
DA:3,1
DA:5,1
DA:6,1
DA:8,1
DA:9,3
DA:10,3
DA:11,0
DA:18,3
DA:19,3
DA:20,3
DA:21,3
DA:24,1
DA:26,1
DA:36,1
DA:37,7
DA:40,2
DA:42,2
DA:47,2
DA:48,1
DA:49,1
DA:52,1
DA:53,1
DA:55,1
DA:61,1
DA:62,1
DA:64,1
DA:74,1
DA:75,1
DA:79,3
DA:81,3
DA:86,3
DA:87,1
DA:88,1
DA:89,1
DA:92,2
DA:93,2
DA:95,2
DA:96,1
DA:97,1
DA:98,1
DA:101,1
DA:107,1
DA:108,1
DA:111,1
DA:112,1
DA:116,0
DA:121,0
DA:122,0
DA:125,0
DA:126,0
DA:130,0
DA:131,0
DA:132,0
DA:133,0
DA:135,0
DA:136,0
DA:137,0
DA:139,0
DA:140,0
DA:141,0
DA:148,0
DA:149,0
DA:152,0
DA:154,0
DA:161,0
DA:163,0
DA:164,0
DA:165,0
DA:168,0
DA:169,0
DA:170,0
DA:179,0
DA:180,0
DA:183,0
DA:184,0
DA:185,0
DA:186,0
DA:188,0
DA:189,0
DA:199,0
DA:201,0
DA:211,0
DA:212,0
DA:214,0
DA:215,0
DA:218,0
DA:226,1
DA:227,1
DA:229,1
DA:230,1
DA:231,0
DA:232,0
DA:235,1
DA:241,1
DA:242,1
DA:250,1
DA:254,0
DA:261,0
DA:262,0
DA:265,0
DA:266,0
DA:276,0
DA:277,0
DA:281,0
DA:282,0
DA:283,0
DA:284,0
DA:285,0
DA:286,0
DA:288,0
DA:291,0
DA:295,1
LF:114
LH:55
BRDA:17,0,0,3
BRDA:40,1,0,0
BRDA:47,2,0,1
BRDA:86,3,0,1
BRDA:95,4,0,1
BRDA:121,5,0,0
BRDA:135,6,0,0
BRDA:139,7,0,0
BRDA:148,8,0,0
BRDA:163,9,0,0
BRDA:184,10,0,0
BRDA:184,11,0,0
BRDA:184,11,1,0
BRDA:198,12,0,0
BRDA:198,13,0,0
BRDA:230,14,0,0
BRDA:250,15,0,1
BRDA:250,15,1,0
BRDA:250,16,0,1
BRDA:250,16,1,1
BRDA:261,17,0,0
BRDA:276,18,0,0
BRDA:283,19,0,0
BRDA:283,20,0,0
BRDA:283,20,1,0
BRDA:284,21,0,0
BRDA:284,22,0,0
BRDA:284,22,1,0
BRF:28
BRH:7
end_of_record
TN:
SF:src/utils/errors.ts
FN:9,(anonymous_0)
FN:19,asyncHandler
FN:20,(anonymous_2)
FN:25,errorHandler
FN:35,(anonymous_4)
FN:72,notFoundHandler
FNF:6
FNH:1
FNDA:3,(anonymous_0)
FNDA:0,asyncHandler
FNDA:0,(anonymous_2)
FNDA:0,errorHandler
FNDA:0,(anonymous_4)
FNDA:0,notFoundHandler
DA:2,1
DA:3,1
DA:5,1
DA:10,3
DA:11,3
DA:12,3
DA:14,3
DA:15,3
DA:19,1
DA:20,0
DA:21,0
DA:25,1
DA:26,0
DA:27,0
DA:33,0
DA:35,0
DA:41,0
DA:44,0
DA:45,0
DA:51,0
DA:55,0
DA:59,0
DA:66,0
DA:72,1
DA:73,0
LF:25
LH:11
BRDA:9,0,0,3
BRDA:26,1,0,0
BRDA:44,2,0,0
BRF:3
BRH:1
end_of_record
TN:
SF:src/utils/logger.ts
FNF:0
FNH:0
DA:1,4
DA:3,4
DA:9,4
DA:26,4
DA:27,0
DA:28,0
LF:6
LH:4
BRDA:10,0,0,4
BRDA:10,0,1,0
BRDA:16,1,0,0
BRDA:16,1,1,4
BRDA:26,2,0,0
BRF:5
BRH:2
end_of_record
TN:
SF:src/utils/metrics.ts
FN:6,(anonymous_0)
FN:11,(anonymous_1)
FN:23,(anonymous_2)
FN:31,(anonymous_3)
FN:68,(anonymous_4)
FN:76,(anonymous_5)
FN:89,(anonymous_6)
FN:96,(anonymous_7)
FN:108,(anonymous_8)
FN:118,(anonymous_9)
FN:128,(anonymous_10)
FN:138,(anonymous_11)
FN:148,(anonymous_12)
FN:158,(anonymous_13)
FN:168,(anonymous_14)
FN:177,(anonymous_15)
FN:178,(anonymous_16)
FN:181,(anonymous_17)
FNF:18
FNH:0
FNDA:0,(anonymous_0)
FNDA:0,(anonymous_1)
FNDA:0,(anonymous_2)
FNDA:0,(anonymous_3)
FNDA:0,(anonymous_4)
FNDA:0,(anonymous_5)
FNDA:0,(anonymous_6)
FNDA:0,(anonymous_7)
FNDA:0,(anonymous_8)
FNDA:0,(anonymous_9)
FNDA:0,(anonymous_10)
FNDA:0,(anonymous_11)
FNDA:0,(anonymous_12)
FNDA:0,(anonymous_13)
FNDA:0,(anonymous_14)
FNDA:0,(anonymous_15)
FNDA:0,(anonymous_16)
FNDA:0,(anonymous_17)
DA:1,0
DA:5,0
DA:6,0
DA:10,0
DA:12,0
DA:16,0
DA:17,0
DA:18,0
DA:19,0
DA:20,0
DA:21,0
DA:25,0
DA:26,0
DA:28,0
DA:33,0
DA:34,0
DA:35,0
DA:38,0
DA:39,0
DA:40,0
DA:41,0
DA:44,0
DA:45,0
DA:46,0
DA:47,0
DA:50,0
DA:51,0
DA:52,0
DA:53,0
DA:56,0
DA:59,0
DA:60,0
DA:63,0
DA:64,0
DA:65,0
DA:69,0
DA:70,0
DA:71,0
DA:72,0
DA:73,0
DA:77,0
DA:78,0
DA:85,0
DA:86,0
DA:90,0
DA:91,0
DA:92,0
DA:93,0
DA:97,0
DA:98,0
DA:103,0
DA:104,0
DA:109,0
DA:110,0
DA:111,0
DA:112,0
DA:114,0
DA:119,0
DA:120,0
DA:121,0
DA:122,0
DA:124,0
DA:129,0
DA:130,0
DA:131,0
DA:132,0
DA:134,0
DA:139,0
DA:140,0
DA:141,0
DA:142,0
DA:144,0
DA:149,0
DA:150,0
DA:151,0
DA:152,0
DA:154,0
DA:159,0
DA:160,0
DA:161,0
DA:162,0
DA:164,0
DA:169,0
DA:170,0
DA:171,0
DA:172,0
DA:174,0
DA:178,0
DA:179,0
DA:181,0
DA:182,0
DA:184,0
DA:185,0
DA:191,0
DA:192,0
DA:193,0
DA:194,0
DA:198,0
DA:208,0
LF:99
LH:0
BRDA:68,0,0,0
BRDA:69,1,0,0
BRDA:72,2,0,0
BRDA:72,3,0,0
BRDA:72,3,1,0
BRDA:76,4,0,0
BRDA:77,5,0,0
BRDA:82,6,0,0
BRDA:82,6,1,0
BRDA:89,7,0,0
BRDA:90,8,0,0
BRDA:96,9,0,0
BRDA:97,10,0,0
BRDA:100,11,0,0
BRDA:100,11,1,0
BRDA:108,12,0,0
BRDA:110,13,0,0
BRDA:110,13,1,0
BRDA:112,14,0,0
BRDA:112,14,1,0
BRDA:120,15,0,0
BRDA:120,15,1,0
BRDA:122,16,0,0
BRDA:122,16,1,0
BRDA:130,17,0,0
BRDA:130,17,1,0
BRDA:132,18,0,0
BRDA:132,18,1,0
BRDA:140,19,0,0
BRDA:140,19,1,0
BRDA:142,20,0,0
BRDA:142,20,1,0
BRDA:148,21,0,0
BRDA:150,22,0,0
BRDA:150,22,1,0
BRDA:152,23,0,0
BRDA:152,23,1,0
BRDA:158,24,0,0
BRDA:160,25,0,0
BRDA:160,25,1,0
BRDA:162,26,0,0
BRDA:162,26,1,0
BRDA:169,27,0,0
BRDA:184,28,0,0
BRDA:184,28,1,0
BRDA:193,29,0,0
BRF:46
BRH:0
end_of_record
TN:
SF:src/websocket/realtime.ts
FN:7,(anonymous_1)
FN:8,(anonymous_2)
FN:9,(anonymous_3)
FN:19,setupWebSocket
FN:22,(anonymous_5)
FN:44,(anonymous_6)
FN:54,(anonymous_7)
FN:59,(anonymous_8)
FN:75,handleMessage
FN:91,handleSubscribe
FN:106,handleUnsubscribe
FN:116,broadcast
FN:123,(anonymous_13)
FNF:13
FNH:0
FNDA:0,(anonymous_1)
FNDA:0,(anonymous_2)
FNDA:0,(anonymous_3)
FNDA:0,setupWebSocket
FNDA:0,(anonymous_5)
FNDA:0,(anonymous_6)
FNDA:0,(anonymous_7)
FNDA:0,(anonymous_8)
FNDA:0,handleMessage
FNDA:0,handleSubscribe
FNDA:0,handleUnsubscribe
FNDA:0,broadcast
FNDA:0,(anonymous_13)
DA:1,0
DA:2,0
DA:3,0
DA:6,0
DA:7,0
DA:8,0
DA:9,0
DA:19,0
DA:20,0
DA:22,0
DA:23,0
DA:25,0
DA:26,0
DA:27,0
DA:30,0
DA:31,0
DA:32,0
DA:34,0
DA:41,0
DA:42,0
DA:44,0
DA:45,0
DA:46,0
DA:47,0
DA:49,0
DA:50,0
DA:54,0
DA:55,0
DA:56,0
DA:59,0
DA:60,0
DA:64,0
DA:70,0
DA:71,0
DA:76,0
DA:78,0
DA:79,0
DA:81,0
DA:82,0
DA:84,0
DA:85,0
DA:87,0
DA:92,0
DA:94,0
DA:95,0
DA:96,0
DA:98,0
DA:99,0
DA:107,0
DA:108,0
DA:117,0
DA:123,0
DA:124,0
DA:125,0
DA:130,0
LF:55
LH:0
BRDA:25,0,0,0
BRDA:76,1,0,0
BRDA:76,1,1,0
BRDA:76,1,2,0
BRDA:76,1,3,0
BRDA:94,2,0,0
BRDA:124,3,0,0
BRDA:124,4,0,0
BRDA:124,4,1,0
BRF:9
BRH:0
end_of_record
